[    0.000000] Initializing cgroup subsys cpuset
[    0.000000] Initializing cgroup subsys cpu
[    0.000000] Initializing cgroup subsys cpuacct
[    0.000000] Linux version 4.4.0-210-generic (buildd@lgw01-amd64-009) (gcc version 5.4.0 20160609 (Ubuntu 5.4.0-6ubuntu1~16.04.12) ) #242-Ubuntu SMP Fri Apr 16 09:57:56 UTC 2021 (Ubuntu 4.4.0-210.242-generic 4.4.262)
[    0.000000] Command line: BOOT_IMAGE=/boot/vmlinuz-4.4.0-210-generic root=LABEL=cloudimg-rootfs ro console=tty1 console=ttyS0
[    0.000000] KERNEL supported cpus:
[    0.000000]   Intel GenuineIntel
[    0.000000]   AMD AuthenticAMD
[    0.000000]   Centaur CentaurHauls
[    0.000000] x86/fpu: xstate_offset[2]:  576, xstate_sizes[2]:  256
[    0.000000] x86/fpu: Supporting XSAVE feature 0x01: 'x87 floating point registers'
[    0.000000] x86/fpu: Supporting XSAVE feature 0x02: 'SSE registers'
[    0.000000] x86/fpu: Supporting XSAVE feature 0x04: 'AVX registers'
[    0.000000] x86/fpu: Enabled xstate features 0x7, context size is 832 bytes, using 'standard' format.
[    0.000000] e820: BIOS-provided physical RAM map:
[    0.000000] BIOS-e820: [mem 0x0000000000000000-0x000000000009fbff] usable
[    0.000000] BIOS-e820: [mem 0x000000000009fc00-0x000000000009ffff] reserved
[    0.000000] BIOS-e820: [mem 0x00000000000f0000-0x00000000000fffff] reserved
[    0.000000] BIOS-e820: [mem 0x0000000000100000-0x00000000445effff] usable
[    0.000000] BIOS-e820: [mem 0x00000000445f0000-0x00000000445fffff] ACPI data
[    0.000000] BIOS-e820: [mem 0x00000000fec00000-0x00000000fec00fff] reserved
[    0.000000] BIOS-e820: [mem 0x00000000fee00000-0x00000000fee00fff] reserved
[    0.000000] BIOS-e820: [mem 0x00000000fffc0000-0x00000000ffffffff] reserved
[    0.000000] NX (Execute Disable) protection: active
[    0.000000] SMBIOS 2.5 present.
[    0.000000] Hypervisor detected: KVM
[    0.000000] e820: last_pfn = 0x445f0 max_arch_pfn = 0x400000000
[    0.000000] MTRR: Disabled
[    0.000000] x86/PAT: MTRRs disabled, skipping PAT initialization too.
[    0.000000] CPU MTRRs all blank - virtualized system.
[    0.000000] x86/PAT: Configuration [0-7]: WB  WT  UC- UC  WB  WT  UC- UC  
[    0.000000] found SMP MP-table at [mem 0x0009fff0-0x0009ffff] mapped at [ffff88000009fff0]
[    0.000000] Scanning 1 areas for low memory corruption
[    0.000000] RAMDISK: [mem 0x362dc000-0x37165fff]
[    0.000000] ACPI: Early table checksum verification disabled
[    0.000000] ACPI: RSDP 0x00000000000E0000 000024 (v02 VBOX  )
[    0.000000] ACPI: XSDT 0x00000000445F0030 00003C (v01 VBOX   VBOXXSDT 00000001 ASL  00000061)
[    0.000000] ACPI: FACP 0x00000000445F00F0 0000F4 (v04 VBOX   VBOXFACP 00000001 ASL  00000061)
[    0.000000] ACPI: DSDT 0x00000000445F0470 002325 (v02 VBOX   VBOXBIOS 00000002 INTL 20200925)
[    0.000000] ACPI: FACS 0x00000000445F0200 000040
[    0.000000] ACPI: FACS 0x00000000445F0200 000040
[    0.000000] ACPI: APIC 0x00000000445F0240 000054 (v02 VBOX   VBOXAPIC 00000001 ASL  00000061)
[    0.000000] ACPI: SSDT 0x00000000445F02A0 0001CC (v01 VBOX   VBOXCPUT 00000002 INTL 20200925)
[    0.000000] No NUMA configuration found
[    0.000000] Faking a node at [mem 0x0000000000000000-0x00000000445effff]
[    0.000000] NODE_DATA(0) allocated [mem 0x445eb000-0x445effff]
[    0.000000] kvm-clock: Using msrs 4b564d01 and 4b564d00
[    0.000000] kvm-clock: cpu 0, msr 0:445e3001, primary cpu clock
[    0.000000] kvm-clock: using sched offset of 3502079611 cycles
[    0.000000] clocksource: kvm-clock: mask: 0xffffffffffffffff max_cycles: 0x1cd42e4dffb, max_idle_ns: 881590591483 ns
[    0.000000] Zone ranges:
[    0.000000]   DMA      [mem 0x0000000000001000-0x0000000000ffffff]
[    0.000000]   DMA32    [mem 0x0000000001000000-0x00000000445effff]
[    0.000000]   Normal   empty
[    0.000000]   Device   empty
[    0.000000] Movable zone start for each node
[    0.000000] Early memory node ranges
[    0.000000]   node   0: [mem 0x0000000000001000-0x000000000009efff]
[    0.000000]   node   0: [mem 0x0000000000100000-0x00000000445effff]
[    0.000000] Initmem setup node 0 [mem 0x0000000000001000-0x00000000445effff]
[    0.000000] ACPI: PM-Timer IO Port: 0x4008
[    0.000000] IOAPIC[0]: apic_id 1, version 32, address 0xfec00000, GSI 0-23
[    0.000000] ACPI: INT_SRC_OVR (bus 0 bus_irq 0 global_irq 2 dfl dfl)
[    0.000000] ACPI: INT_SRC_OVR (bus 0 bus_irq 9 global_irq 9 low level)
[    0.000000] Using ACPI (MADT) for SMP configuration information
[    0.000000] smpboot: Allowing 1 CPUs, 0 hotplug CPUs
[    0.000000] PM: Registered nosave memory: [mem 0x00000000-0x00000fff]
[    0.000000] PM: Registered nosave memory: [mem 0x0009f000-0x0009ffff]
[    0.000000] PM: Registered nosave memory: [mem 0x000a0000-0x000effff]
[    0.000000] PM: Registered nosave memory: [mem 0x000f0000-0x000fffff]
[    0.000000] e820: [mem 0x44600000-0xfebfffff] available for PCI devices
[    0.000000] Booting paravirtualized kernel on KVM
[    0.000000] clocksource: refined-jiffies: mask: 0xffffffff max_cycles: 0xffffffff, max_idle_ns: 7645519600211568 ns
[    0.000000] setup_percpu: NR_CPUS:512 nr_cpumask_bits:512 nr_cpu_ids:1 nr_node_ids:1
[    0.000000] PERCPU: Embedded 33 pages/cpu @ffff880044200000 s95192 r8192 d31784 u2097152
[    0.000000] Built 1 zonelists in Node order, mobility grouping on.  Total pages: 275552
[    0.000000] Policy zone: DMA32
[    0.000000] Kernel command line: BOOT_IMAGE=/boot/vmlinuz-4.4.0-210-generic root=LABEL=cloudimg-rootfs ro console=tty1 console=ttyS0
[    0.000000] PID hash table entries: 4096 (order: 3, 32768 bytes)
[    0.000000] Memory: 1067556K/1119800K available (8644K kernel code, 1332K rwdata, 4044K rodata, 1492K init, 1164K bss, 52244K reserved, 0K cma-reserved)
[    0.000000] SLUB: HWalign=64, Order=0-3, MinObjects=0, CPUs=1, Nodes=1
[    0.000000] Kernel/User page tables isolation: enabled
[    0.000000] Hierarchical RCU implementation.
[    0.000000] 	Build-time adjustment of leaf fanout to 64.
[    0.000000] 	RCU restricting CPUs from NR_CPUS=512 to nr_cpu_ids=1.
[    0.000000] RCU: Adjusting geometry for rcu_fanout_leaf=64, nr_cpu_ids=1
[    0.000000] NR_IRQS:33024 nr_irqs:256 16
[    0.000000] Console: colour VGA+ 80x25
[    0.000000] console [tty1] enabled
[    0.000000] console [ttyS0] enabled
[    0.000000] tsc: Detected 2496.060 MHz processor
[    0.307237] Calibrating delay loop (skipped) preset value.. 4992.12 BogoMIPS (lpj=9984240)
[    0.310141] pid_max: default: 32768 minimum: 301
[    0.311827] ACPI: Core revision 20150930
[    0.315452] ACPI: 2 ACPI AML tables successfully acquired and loaded
[    0.317782] Security Framework initialized
[    0.319321] Yama: becoming mindful.
[    0.320886] AppArmor: AppArmor initialized
[    0.322936] Dentry cache hash table entries: 262144 (order: 9, 2097152 bytes)
[    0.329156] Inode-cache hash table entries: 131072 (order: 8, 1048576 bytes)
[    0.335056] Mount-cache hash table entries: 4096 (order: 3, 32768 bytes)
[    0.338704] Mountpoint-cache hash table entries: 4096 (order: 3, 32768 bytes)
[    0.342253] Initializing cgroup subsys io
[    0.343638] Initializing cgroup subsys memory
[    0.345667] Initializing cgroup subsys devices
[    0.346840] Initializing cgroup subsys freezer
[    0.348951] Initializing cgroup subsys net_cls
[    0.350340] Initializing cgroup subsys perf_event
[    0.352137] Initializing cgroup subsys net_prio
[    0.353541] Initializing cgroup subsys hugetlb
[    0.354630] Initializing cgroup subsys pids
[    0.382448] mce: CPU supports 0 MCE banks
[    0.383857] process: using mwait in idle threads
[    0.385331] Last level iTLB entries: 4KB 64, 2MB 8, 4MB 8
[    0.388065] Last level dTLB entries: 4KB 64, 2MB 0, 4MB 0, 1GB 4
[    0.395698] Spectre V1 : Mitigation: usercopy/swapgs barriers and __user pointer sanitization
[    0.400430] Spectre V2 : Mitigation: Full generic retpoline
[    0.402464] Spectre V2 : Spectre v2 / SpectreRSB mitigation: Filling RSB on context switch
[    0.404260] Speculative Store Bypass: Vulnerable
[    0.405384] SRBDS: Unknown: Dependent on hypervisor status
[    0.407512] MDS: Mitigation: Clear CPU buffers
[    0.446556] Freeing SMP alternatives memory: 36K
[    0.455304] ftrace: allocating 32380 entries in 127 pages
[    0.540273] smpboot: APIC(0) Converting physical 0 to logical package 0
[    0.541686] smpboot: Max logical packages: 1
[    0.542814] x2apic enabled
[    0.543747] Switched APIC routing to physical x2apic.
[    0.545958] ..TIMER: vector=0x30 apic1=0 pin1=2 apic2=-1 pin2=-1
[    0.655471] smpboot: CPU0: Intel(R) Core(TM) i5-6300U CPU @ 2.40GHz (family: 0x6, model: 0x4e, stepping: 0x3)
[    0.657772] Performance Events: unsupported p6 CPU model 78 no PMU driver, software events only.
[    0.672485] KVM setup paravirtual spinlock
[    0.674425] x86: Booted up 1 node, 1 CPUs
[    0.675380] smpboot: Total of 1 processors activated (4992.12 BogoMIPS)
[    0.677682] devtmpfs: initialized
[    0.681285] evm: security.selinux
[    0.682237] evm: security.SMACK64
[    0.683143] evm: security.SMACK64EXEC
[    0.684160] evm: security.SMACK64TRANSMUTE
[    0.685197] evm: security.SMACK64MMAP
[    0.686197] evm: security.ima
[    0.687019] evm: security.capability
[    0.688140] clocksource: jiffies: mask: 0xffffffff max_cycles: 0xffffffff, max_idle_ns: 7645041785100000 ns
[    0.690992] futex hash table entries: 256 (order: 2, 16384 bytes)
[    0.692460] pinctrl core: initialized pinctrl subsystem
[    0.693849] RTC time: 12:30:10, date: 09/20/21
[    0.695110] NET: Registered protocol family 16
[    0.696352] cpuidle: using governor ladder
[    0.697318] cpuidle: using governor menu
[    0.698318] PCCT header not found.
[    0.700774] ACPI: bus type PCI registered
[    0.701830] acpiphp: ACPI Hot Plug PCI Controller Driver version: 0.5
[    0.703285] PCI: Using configuration type 1 for base access
[    0.705662] ACPI: Added _OSI(Module Device)
[    0.706651] ACPI: Added _OSI(Processor Device)
[    0.707684] ACPI: Added _OSI(3.0 _SCP Extensions)
[    0.708795] ACPI: Added _OSI(Processor Aggregator Device)
[    0.710623] ACPI: Executed 1 blocks of module-level executable AML code
[    0.714468] ACPI: Interpreter enabled
[    0.715414] ACPI: (supports S0 S5)
[    0.716285] ACPI: Using IOAPIC for interrupt routing
[    0.717545] PCI: Using host bridge windows from ACPI; if necessary, use "pci=nocrs" and report a bug
[    0.724151] ACPI: PCI Root Bridge [PCI0] (domain 0000 [bus 00-ff])
[    0.725562] acpi PNP0A03:00: _OSC: OS supports [ASPM ClockPM Segments MSI]
[    0.727982] acpi PNP0A03:00: _OSC: not requesting OS control; OS requires [ExtendedConfig ASPM ClockPM MSI]
[    0.730653] acpi PNP0A03:00: fail to add MMCONFIG information, can't access extended PCI configuration space under this bridge.
[    0.733689] PCI host bridge to bus 0000:00
[    0.734544] pci_bus 0000:00: root bus resource [io  0x0000-0x0cf7 window]
[    0.735837] pci_bus 0000:00: root bus resource [io  0x0d00-0xffff window]
[    0.737506] pci_bus 0000:00: root bus resource [mem 0x000a0000-0x000bffff window]
[    0.739119] pci_bus 0000:00: root bus resource [mem 0x44600000-0xfdffffff window]
[    0.740681] pci_bus 0000:00: root bus resource [bus 00-ff]
[    0.743841] pci 0000:00:01.1: legacy IDE quirk: reg 0x10: [io  0x01f0-0x01f7]
[    0.745240] pci 0000:00:01.1: legacy IDE quirk: reg 0x14: [io  0x03f6]
[    0.746906] pci 0000:00:01.1: legacy IDE quirk: reg 0x18: [io  0x0170-0x0177]
[    0.748621] pci 0000:00:01.1: legacy IDE quirk: reg 0x1c: [io  0x0376]
[    0.776958] pci 0000:00:07.0: quirk: [io  0x4000-0x403f] claimed by PIIX4 ACPI
[    0.778819] pci 0000:00:07.0: quirk: [io  0x4100-0x410f] claimed by PIIX4 SMB
[    0.797073] ACPI: PCI Interrupt Link [LNKA] (IRQs 5 9 10 *11)
[    0.799177] ACPI: PCI Interrupt Link [LNKB] (IRQs 5 9 *10 11)
[    0.801177] ACPI: PCI Interrupt Link [LNKC] (IRQs 5 *9 10 11)
[    0.802904] ACPI: PCI Interrupt Link [LNKD] (IRQs 5 9 10 *11)
[    0.806047] ACPI: Enabled 2 GPEs in block 00 to 07
[    0.808935] vgaarb: setting as boot device: PCI:0000:00:02.0
[    0.810081] vgaarb: device added: PCI:0000:00:02.0,decodes=io+mem,owns=io+mem,locks=none
[    0.812080] vgaarb: loaded
[    0.812834] vgaarb: bridge control possible 0000:00:02.0
[    0.814282] SCSI subsystem initialized
[    0.815298] ACPI: bus type USB registered
[    0.816353] usbcore: registered new interface driver usbfs
[    0.817673] usbcore: registered new interface driver hub
[    0.818889] usbcore: registered new device driver usb
[    0.820375] PCI: Using ACPI for IRQ routing
[    0.822518] NetLabel: Initializing
[    0.823999] NetLabel:  domain hash size = 128
[    0.825070] NetLabel:  protocols = UNLABELED CIPSOv4
[    0.826280] NetLabel:  unlabeled traffic allowed by default
[    0.827621] amd_nb: Cannot enumerate AMD northbridges
[    0.828918] clocksource: Switched to clocksource kvm-clock
[    0.837651] AppArmor: AppArmor Filesystem Enabled
[    0.839949] pnp: PnP ACPI init
[    0.841572] pnp: PnP ACPI: found 3 devices
[    0.848258] clocksource: acpi_pm: mask: 0xffffff max_cycles: 0xffffff, max_idle_ns: 2085701024 ns
[    0.850269] NET: Registered protocol family 2
[    0.851540] TCP established hash table entries: 16384 (order: 5, 131072 bytes)
[    0.853072] TCP bind hash table entries: 16384 (order: 6, 262144 bytes)
[    0.854987] TCP: Hash tables configured (established 16384 bind 16384)
[    0.856224] UDP hash table entries: 1024 (order: 3, 32768 bytes)
[    0.857413] UDP-Lite hash table entries: 1024 (order: 3, 32768 bytes)
[    0.859052] NET: Registered protocol family 1
[    0.862393] pci 0000:00:00.0: Limiting direct PCI/PCI transfers
[    0.863772] pci 0000:00:01.0: Activating ISA DMA hang workarounds
[    0.865458] Unpacking initramfs...
[    1.160337] Freeing initrd memory: 14888K
[    1.161390] clocksource: tsc: mask: 0xffffffffffffffff max_cycles: 0x23fab00fcab, max_idle_ns: 440795293735 ns
[    1.163900] platform rtc_cmos: registered platform RTC device (no PNP device found)
[    1.165546] Scanning for low memory corruption every 60 seconds
[    1.166939] audit: initializing netlink subsys (disabled)
[    1.168195] audit: type=2000 audit(1632141015.577:1): initialized
[    1.169960] Initialise system trusted keyring
[    1.170961] HugeTLB registered 2 MB page size, pre-allocated 0 pages
[    1.173488] zbud: loaded
[    1.174597] VFS: Disk quotas dquot_6.6.0
[    1.175458] VFS: Dquot-cache hash table entries: 512 (order 0, 4096 bytes)
[    1.176989] squashfs: version 4.0 (2009/01/31) Phillip Lougher
[    1.178368] fuse init (API version 7.23)
[    1.179620] Key type big_key registered
[    1.180574] Allocating IMA MOK and blacklist keyrings.
[    1.181850] Key type asymmetric registered
[    1.182679] Asymmetric key parser 'x509' registered
[    1.184300] Block layer SCSI generic (bsg) driver version 0.4 loaded (major 249)
[    1.186503] io scheduler noop registered
[    1.187671] io scheduler deadline registered (default)
[    1.189037] io scheduler cfq registered
[    1.190574] pci_hotplug: PCI Hot Plug PCI Core version: 0.5
[    1.192001] pciehp: PCI Express Hot Plug Controller Driver version: 0.4
[    1.193753] ACPI: AC Adapter [AC] (on-line)
[    1.195079] input: Power Button as /devices/LNXSYSTM:00/LNXPWRBN:00/input/input0
[    1.197152] ACPI: Power Button [PWRF]
[    1.198226] input: Sleep Button as /devices/LNXSYSTM:00/LNXSLPBN:00/input/input1
[    1.200170] ACPI: Sleep Button [SLPF]
[    1.202578] ACPI: Battery Slot [BAT0] (battery present)
[    1.203725] GHES: HEST is not enabled!
[    1.204921] Serial: 8250/16550 driver, 32 ports, IRQ sharing enabled
[    1.227636] 00:02: ttyS0 at I/O 0x3f8 (irq = 4, base_baud = 115200) is a 16550A
[    1.230306] Linux agpgart interface v0.103
[    1.232782] loop: module loaded
[    1.234225] scsi host0: ata_piix
[    1.235134] scsi host1: ata_piix
[    1.235928] ata1: PATA max UDMA/33 cmd 0x1f0 ctl 0x3f6 bmdma 0xd000 irq 14
[    1.237338] ata2: PATA max UDMA/33 cmd 0x170 ctl 0x376 bmdma 0xd008 irq 15
[    1.239210] libphy: Fixed MDIO Bus: probed
[    1.240229] tun: Universal TUN/TAP device driver, 1.6
[    1.241886] tun: (C) 1999-2004 Max Krasnyansky <maxk@qualcomm.com>
[    1.244203] PPP generic driver version 2.4.2
[    1.245773] ehci_hcd: USB 2.0 'Enhanced' Host Controller (EHCI) Driver
[    1.247526] ehci-pci: EHCI PCI platform driver
[    1.248962] ehci-platform: EHCI generic platform driver
[    1.250171] ohci_hcd: USB 1.1 'Open' Host Controller (OHCI) Driver
[    1.252488] ohci-pci: OHCI PCI platform driver
[    1.253742] ohci-platform: OHCI generic platform driver
[    1.255239] uhci_hcd: USB Universal Host Controller Interface driver
[    1.259507] i8042: PNP: PS/2 Controller [PNP0303:PS2K,PNP0f03:PS2M] at 0x60,0x64 irq 1,12
[    1.262987] serio: i8042 KBD port at 0x60,0x64 irq 1
[    1.265884] serio: i8042 AUX port at 0x60,0x64 irq 12
[    1.267414] mousedev: PS/2 mouse device common for all mice
[    1.269523] input: AT Translated Set 2 keyboard as /devices/platform/i8042/serio0/input/input2
[    1.273331] rtc_cmos rtc_cmos: rtc core: registered rtc_cmos as rtc0
[    1.275491] rtc_cmos rtc_cmos: alarms up to one day, 114 bytes nvram
[    1.277055] i2c /dev entries driver
[    1.278385] device-mapper: uevent: version 1.0.3
[    1.279877] device-mapper: ioctl: 4.34.0-ioctl (2015-10-28) initialised: dm-devel@redhat.com
[    1.282025] ledtrig-cpu: registered to indicate activity on CPUs
[    1.283691] NET: Registered protocol family 10
[    1.284995] NET: Registered protocol family 17
[    1.286251] Key type dns_resolver registered
[    1.305216] registered taskstats version 1
[    1.306945] Loading compiled-in X.509 certificates
[    1.319155] Loaded X.509 cert 'Build time autogenerated kernel key: cf00e047681d67edb2720680708b7d9498083038'
[    1.324241] zswap: loaded using pool lzo/zbud
[    1.327086] Key type trusted registered
[    1.331052] Key type encrypted registered
[    1.332118] AppArmor: AppArmor sha1 policy hashing enabled
[    1.333881] ima: No TPM chip found, activating TPM-bypass!
[    1.335389] ima: Allocated hash algorithm: sha1
[    1.336499] evm: HMAC attrs: 0x1
[    1.337817]   Magic number: 5:272:532
[    1.338828] tty ttyS12: hash matches
[    1.340257] rtc_cmos rtc_cmos: setting system clock to 2021-09-20 12:30:10 UTC (1632141010)
[    1.342354] BIOS EDD facility v0.16 2004-Jun-25, 0 devices found
[    1.343499] EDD information not available.
[    1.417723] Freeing unused kernel memory: 1492K
[    1.419466] Write protecting the kernel read-only data: 14336k
[    1.421598] Freeing unused kernel memory: 1584K
[    1.422832] Freeing unused kernel memory: 52K
Loading, please wait...
starting version 229
[    1.436409] random: udevadm: uninitialized urandom read (16 bytes read, 3 bits of entropy available)
[    1.439210] random: systemd-udevd: uninitialized urandom read (16 bytes read, 3 bits of entropy available)
[    1.441844] random: systemd-udevd: uninitialized urandom read (16 bytes read, 3 bits of entropy available)
[    1.444278] random: systemd-udevd: uninitialized urandom read (16 bytes read, 3 bits of entropy available)
[    1.447165] random: udevadm: uninitialized urandom read (16 bytes read, 3 bits of entropy available)
[    1.456577] random: systemd-udevd: uninitialized urandom read (16 bytes read, 3 bits of entropy available)
[    1.459946] random: udevadm: uninitialized urandom read (16 bytes read, 3 bits of entropy available)
[    1.463379] random: systemd-udevd: uninitialized urandom read (16 bytes read, 3 bits of entropy available)
[    1.465339] random: systemd-udevd: uninitialized urandom read (16 bytes read, 3 bits of entropy available)
[    1.467448] random: systemd-udevd: uninitialized urandom read (16 bytes read, 3 bits of entropy available)
[    1.545820] e1000: Intel(R) PRO/1000 Network Driver - version 7.3.21-k8-NAPI
[    1.547528] e1000: Copyright (c) 1999-2006 Intel Corporation.
[    1.554578] Fusion MPT base driver 3.04.20
[    1.555780] Copyright (c) 1999-2008 LSI Corporation
[    1.577383] Fusion MPT SPI Host driver 3.04.20
[    1.616854] AVX2 version of gcm_enc/dec engaged.
[    1.618513] AES CTR mode by8 optimization enabled
[    1.768704] input: ImExPS/2 Generic Explorer Mouse as /devices/platform/i8042/serio1/input/input4
[    2.025333] e1000 0000:00:03.0 eth0: (PCI:33MHz:32-bit) 02:a0:46:b5:71:eb
[    2.030623] e1000 0000:00:03.0 eth0: Intel(R) PRO/1000 Network Connection
[    2.036530] mptbase: ioc0: Initiating bringup
[    2.102095] ioc0: LSI53C1030 A0: Capabilities={Initiator}
[    2.273184] scsi host2: ioc0: LSI53C1030 A0, FwRev=00000000h, Ports=1, MaxQ=256, IRQ=20
[    2.390891] scsi 2:0:0:0: Direct-Access     VBOX     HARDDISK         1.0  PQ: 0 ANSI: 5
[    2.392694] scsi target2:0:0: Beginning Domain Validation
[    2.394916] scsi target2:0:0: Domain Validation skipping write tests
[    2.396454] scsi target2:0:0: Ending Domain Validation
[    2.397598] scsi target2:0:0: asynchronous
[    2.398797] scsi 2:0:1:0: Direct-Access     VBOX     HARDDISK         1.0  PQ: 0 ANSI: 5
[    2.400825] scsi target2:0:1: Beginning Domain Validation
[    2.403053] scsi target2:0:1: Domain Validation skipping write tests
[    2.404602] scsi target2:0:1: Ending Domain Validation
[    2.416754] scsi target2:0:1: asynchronous
[    2.421242] sd 2:0:0:0: Attached scsi generic sg0 type 0
[    2.422773] sd 2:0:0:0: [sda] 83886080 512-byte logical blocks: (42.9 GB/40.0 GiB)
[    2.425316] sd 2:0:1:0: [sdb] 20480 512-byte logical blocks: (10.5 MB/10.0 MiB)
[    2.432099] sd 2:0:0:0: [sda] Write Protect is off
[    2.433333] sd 2:0:1:0: Attached scsi generic sg1 type 0
[    2.439213] sd 2:0:0:0: [sda] Incomplete mode parameter data
[    2.440356] sd 2:0:0:0: [sda] Assuming drive cache: write through
[    2.441560] sd 2:0:1:0: [sdb] Write Protect is off
[    2.442902] sd 2:0:1:0: [sdb] Incomplete mode parameter data
[    2.444309] sd 2:0:1:0: [sdb] Assuming drive cache: write through
[    2.456035]  sda: sda1
[    2.457289] sd 2:0:0:0: [sda] Attached SCSI disk
[    2.458827] sd 2:0:1:0: [sdb] Attached SCSI disk
[    2.801728] e1000 0000:00:08.0 eth1: (PCI:33MHz:32-bit) 08:00:27:20:55:12
[    2.803064] e1000 0000:00:08.0 eth1: Intel(R) PRO/1000 Network Connection
[    2.805510] e1000 0000:00:08.0 enp0s8: renamed from eth1
[    2.809414] e1000 0000:00:03.0 enp0s3: renamed from eth0
Begin: Loading essential drivers ... [    4.201045] md: linear personality registered for level -1
[    4.206212] md: multipath personality registered for level -4
[    4.211004] md: raid0 personality registered for level 0
[    4.216649] md: raid1 personality registered for level 1
[    4.293255] raid6: sse2x1   gen()  9119 MB/s
[    4.361111] raid6: sse2x1   xor()  6475 MB/s
[    4.430028] raid6: sse2x2   gen() 11632 MB/s
[    4.515430] raid6: sse2x2   xor()  8093 MB/s
[    4.598993] raid6: sse2x4   gen() 13553 MB/s
[    4.680318] raid6: sse2x4   xor()  7918 MB/s
[    4.774703] raid6: avx2x1   gen() 18808 MB/s
[    4.859184] raid6: avx2x2   gen() 19985 MB/s
[    4.928278] raid6: avx2x4   gen() 23686 MB/s
[    4.929348] raid6: using algorithm avx2x4 gen() 23686 MB/s
[    4.930387] raid6: using avx2x2 recovery algorithm
[    4.933364] xor: automatically using best checksumming function:
[    5.068880]    avx       : 84053.000 MB/sec
[    5.072472] async_tx: api initialized (async)
[    5.090570] md: raid6 personality registered for level 6
[    5.092162] md: raid5 personality registered for level 5
[    5.093435] md: raid4 personality registered for level 4
[    5.102543] md: raid10 personality registered for level 10
done.
Begin: Running /scripts/init-premount ... done.
Begin: Mounting root file system ... Begin: Running /scripts/local-top ... done.
Begin: Running /scripts/local-premount ... [    5.152879] Btrfs loaded
Scanning for Btrfs filesystems
done.
Warning: fsck not present, so skipping root file system
[    5.186171] EXT4-fs (sda1): mounted filesystem with ordered data mode. Opts: (null)
done.
Begin: Running /scripts/local-bottom ... done.
Begin: Running /scripts/init-bottom ... done.
[    5.303877] systemd[1]: systemd 229 running in system mode. (+PAM +AUDIT +SELINUX +IMA +APPARMOR +SMACK +SYSVINIT +UTMP +LIBCRYPTSETUP +GCRYPT +GNUTLS +ACL +XZ -LZ4 +SECCOMP +BLKID +ELFUTILS +KMOD -IDN)
[    5.307633] systemd[1]: Detected virtualization oracle.
[    5.308754] systemd[1]: Detected architecture x86-64.

Welcome to [1mUbuntu 16.04.7 LTS[0m!

[    5.313067] systemd[1]: Set hostname to <ubuntu>.
[    5.315659] systemd[1]: Initializing machine ID from random generator.
[    5.316962] systemd[1]: Installed transient /etc/machine-id file.
[    5.482566] systemd[1]: Listening on Journal Audit Socket.
[[0;32m  OK  [0m] Listening on Journal Audit Socket.
[    5.485359] systemd[1]: Reached target System Time Synchronized.
[[0;32m  OK  [0m] Reached target System Time Synchronized.
[    5.487812] systemd[1]: Listening on udev Control Socket.
[[0;32m  OK  [0m] Listening on udev Control Socket.
[    5.491331] systemd[1]: Created slice System Slice.
[[0;32m  OK  [0m] Created slice System Slice.
[    5.501337] systemd[1]: Listening on LVM2 metadata daemon socket.
[[0;32m  OK  [0m] Listening on LVM2 metadata daemon socket.
[    5.503594] systemd[1]: Listening on Syslog Socket.
[[0;32m  OK  [0m] Listening on Syslog Socket.
[    5.506088] systemd[1]: Started Forward Password Requests to Wall Directory Watch.
[[0;32m  OK  [0m] Started Forward Password Requests to Wall Directory Watch.
[    5.509144] systemd[1]: Reached target Swap.
[[0;32m  OK  [0m] Reached target Swap.
[    5.511660] systemd[1]: Listening on LVM2 poll daemon socket.
[[0;32m  OK  [0m] Listening on LVM2 poll daemon socket.
[    5.514367] systemd[1]: Listening on Journal Socket.
[[0;32m  OK  [0m] Listening on Journal Socket.
[    5.518042] systemd[1]: Starting Nameserver information manager...
         Starting Nameserver information manager...
[    5.522559] systemd[1]: Starting Create list of required static device nodes for the current kernel...
         Starting Create list of required st... nodes for the current kernel...
[    5.529322] systemd[1]: Starting Uncomplicated firewall...
         Starting Uncomplicated firewall...
[    5.535517] systemd[1]: Listening on udev Kernel Socket.
[[0;32m  OK  [0m] Listening on udev Kernel Socket.
[    5.540082] systemd[1]: Listening on fsck to fsckd communication Socket.
[[0;32m  OK  [0m] Listening on fsck to fsckd communication Socket.
[    5.545826] systemd[1]: Starting File System Check on Root Device...
         Starting File System Check on Root Device...
[    5.548888] systemd[1]: Created slice system-serial\x2dgetty.slice.
[[0;32m  OK  [0m] Created slice system-serial\x2dgetty.slice.
[    5.557161] systemd[1]: Listening on /dev/initctl Compatibility Named Pipe.
[[0;32m  OK  [0m] Listening on /dev/initctl Compatibility Named Pipe.
[    5.564686] systemd[1]: Mounting Debug File System...
         Mounting Debug File System...
[    5.571825] systemd[1]: Started Trigger resolvconf update for networkd DNS.
[[0;32m  OK  [0m] Started Trigger resolvconf update for networkd DNS.
[    5.581824] systemd[1]: Created slice User and Session Slice.
[[0;32m  OK  [0m] Created slice User and Session Slice.
[    5.586760] systemd[1]: Mounting POSIX Message Queue File System...
         Mounting POSIX Message Queue File System...
[    5.597280] systemd[1]: Listening on Journal Socket (/dev/log).
[[0;32m  OK  [0m] Listening on Journal Socket (/dev/log).
[    5.602051] systemd[1]: Starting Journal Service...
         Starting Journal Service...
[    5.614348] systemd[1]: Mounting Huge Pages File System...
         Mounting Huge Pages File System...
[    5.622052] systemd[1]: Listening on Device-mapper event daemon FIFOs.
[[0;32m  OK  [0m] Listening on Device-mapper event daemon FIFOs.
[    5.631433] systemd[1]: Starting Monitoring of LVM2 mirrors, snapshots etc. using dmeventd or progress polling...
         Starting Monitoring of LVM2 mirrors... dmeventd or progress polling...
[    5.644349] systemd[1]: Reached target Encrypted Volumes.
[[0;32m  OK  [0m] Reached target Encrypted Volumes.
[    5.649363] systemd[1]: Set up automount Arbitrary Executable File Formats File System Automount Point.
[[0;32m  OK  [0m] Set up automount Arbitrary Executab...ats File System Automount Point.
[    5.657426] systemd[1]: Reached target Slices.
[[0;32m  OK  [0m] Reached target Slices.
[    5.665559] systemd[1]: Starting Load Kernel Modules...
         Starting Load Kernel Modules...
[    5.669484] systemd[1]: Reached target User and Group Name Lookups.
[[0;32m  OK  [0m] Reached target User and Group Name Lookups.
[    5.675904] systemd[1]: Starting Set console keymap...
         Starting Set console keymap...
[    5.687147] systemd[1]: Mounted POSIX Message Queue File System.
[[0;32m  OK  [0m] Mounted POSIX Message Queue File System.
[    5.690999] systemd[1]: Mounted Huge Pages File System.
[[0;32m  OK  [0m[    5.694220] Loading iSCSI transport class v2.0-870.
] Mounted Huge Pages File System.
[    5.697649] systemd[1]: Mounted Debug File System.
[[0;32m  OK  [0m] Mounted Debug File System.
[    5.701226] systemd[1]: Started Journal Service.
[[0;32m  OK  [0m] Started Journal Service.
[[0;32m  OK  [0m] Started Create list of required sta...ce nodes for the current kernel.
[[0;32m  OK  [0m] Started Uncomplicated firewall.
[[0;32m  OK  [0m] Started File System Check on Root Device.
[[0;32m  OK  [0m] Started LVM2 metadata daemon.
[[0;32m  OK  [0m] Started File System Check Daemon to report status.
         Starting Remount Root and Kernel File Systems...
         Starting Create Static Device Nodes in /dev...
[    5.742275] iscsi: registered transport (tcp)
[[0;32m  OK  [0m] Started Nameserver information manager.
[    5.767569] EXT4-fs (sda1): re-mounted. Opts: (null)
[[0;32m  OK  [0m] Started Remount Root and Kernel File Systems.
         Starting Flush Journal to Persistent Storage...
         Starting Load/Save Random Seed...
         Starting udev Coldplug all Devices...
[    5.808767] systemd-journald[387]: Received request to flush runtime journal from PID 1
[    5.813232] random: nonblocking pool is initialized
[[0;32m  OK  [0m] Started Load/Save Random Seed.
[[0;32m  OK  [0m] Started Create Static Device Nodes in /dev.
         Starting udev Kernel Device Manager...
[[0;32m  OK  [0m] Started Flush Journal to Persistent Storage.
[[0;32m  OK  [0m] Started udev Kernel Device Manager.
[    5.917984] iscsi: registered transport (iser)
[[0;32m  OK  [0m] Started Monitoring of LVM2 mirrors,...ng dmeventd or progress polling.
[[0;32m  OK  [0m] Started Load Kernel Modules.
         Mounting FUSE Control File System...
         Starting Apply Kernel Variables...
[[0;32m  OK  [0m] Mounted FUSE Control File System.
[[0;32m  OK  [0m] Started Apply Kernel Variables.
[[0;32m  OK  [0m] Started Set console keymap.
[[0;32m  OK  [0m] Reached target Local File Systems (Pre).
[[0;32m  OK  [0m] Reached target Local File Systems.
         Starting Create Volatile Files and Directories...
         Starting Set console font and keymap...
         Starting Initial cloud-init job (pre-networking)...
         Starting LSB: AppArmor initialization...
         Starting Commit a transient machine-id on disk...
         Starting Tell Plymouth To Write Out Runtime Data...
[[0;32m  OK  [0m] Started Commit a transient machine-id on disk.
[[0;32m  OK  [0m] Started Create Volatile Files and Directories.
         Starting Update UTMP about System Boot/Shutdown...
[[0;32m  OK  [0m] Started Tell Plymouth To Write Out Runtime Data.
[[0;32m  OK  [0m] Started Update UTMP about System Boot/Shutdown.
[[0;32m  OK  [0m] Started udev Coldplug all Devices.
[[0;32m  OK  [0m] Started Dispatch Password Requests to Console Directory Watch.
[[0;32m  OK  [0m] Found device /dev/ttyS0.
[[0;32m  OK  [0m] Started Set console font and keymap.
[[0;32m  OK  [0m] Created slice system-getty.slice.
[[0;32m  OK  [0m] Listening on Load/Save RF Kill Switch Status /dev/rfkill Watch.
[    8.329489] cloud-init[494]: Cloud-init v. 21.1-19-gbad84ad4-0ubuntu1~16.04.2 running 'init-local' at Mon, 20 Sep 2021 12:30:17 +0000. Up 7.49 seconds.
[[0;32m  OK  [0m] Started Initial cloud-init job (pre-networking).
[[0;32m  OK  [0m] Reached target Network (Pre).
[[0;32m  OK  [0m] Started LSB: AppArmor initialization.
         Starting Load AppArmor profiles managed internally by snapd...
         Starting Raise network interfaces...
[[0;32m  OK  [0m] Started Load AppArmor profiles managed internally by snapd.
[[0;32m  OK  [0m] Started Raise network interfaces.
         Starting Initial cloud-init job (metadata service crawler)...
[[0;32m  OK  [0m] Reached target Network.
[   13.348199] cloud-init[966]: Cloud-init v. 21.1-19-gbad84ad4-0ubuntu1~16.04.2 running 'init' at Mon, 20 Sep 2021 12:30:22 +0000. Up 12.63 seconds.
[   13.350397] cloud-init[966]: ci-info: ++++++++++++++++++++++++++++++++++++++Net device info+++++++++++++++++++++++++++++++++++++++
[   13.356279] cloud-init[966]: ci-info: +--------+-------+----------------------------+---------------+--------+-------------------+
[   13.357961] cloud-init[966]: ci-info: | Device |   Up  |          Address           |      Mask     | Scope  |     Hw-Address    |
[   13.359481] cloud-init[966]: ci-info: +--------+-------+----------------------------+---------------+--------+-------------------+
[   13.364531] cloud-init[966]: ci-info: | enp0s3 |  True |         10.0.2.15          | 255.255.255.0 | global | 02:a0:46:b5:71:eb |
[   13.367046] cloud-init[966]: ci-info: | enp0s3 |  True | fe80::a0:46ff:feb5:71eb/64 |       .       |  link  | 02:a0:46:b5:71:eb |
[   13.368557] cloud-init[966]: ci-info: | enp0s8 | False |             .              |       .       |   .    | 08:00:27:20:55:12 |
[   13.372318] cloud-init[966]: ci-info: |   lo   |  True |         127.0.0.1          |   255.0.0.0   |  host  |         .         |
[   13.375009] cloud-init[966]: ci-info: |   lo   |  True |          ::1/128           |       .       |  host  |         .         |
[   13.388487] cloud-init[966]: ci-info: +--------+-------+----------------------------+---------------+--------+-------------------+
[   13.390534] cloud-init[966]: ci-info: +++++++++++++++++++++++++++Route IPv4 info++++++++++++++++++++++++++++
[   13.392436] cloud-init[966]: ci-info: +-------+-------------+----------+---------------+-----------+-------+
[   13.396621] cloud-init[966]: ci-info: | Route | Destination | Gateway  |    Genmask    | Interface | Flags |
[   13.404308] cloud-init[966]: ci-info: +-------+-------------+----------+---------------+-----------+-------+
[   13.405963] cloud-init[966]: ci-info: |   0   |   0.0.0.0   | 10.0.2.2 |    0.0.0.0    |   enp0s3  |   UG  |
[   13.407529] cloud-init[966]: ci-info: |   1   |   10.0.2.0  | 0.0.0.0  | 255.255.255.0 |   enp0s3  |   U   |
[   13.412309] cloud-init[966]: ci-info: +-------+-------------+----------+---------------+-----------+-------+
[   13.413637] cloud-init[966]: ci-info: +++++++++++++++++++Route IPv6 info+++++++++++++++++++
[   13.420358] cloud-init[966]: ci-info: +-------+-------------+---------+-----------+-------+
[   13.422192] cloud-init[966]: ci-info: | Route | Destination | Gateway | Interface | Flags |
[   13.423591] cloud-init[966]: ci-info: +-------+-------------+---------+-----------+-------+
[   13.428417] cloud-init[966]: ci-info: |   0   |  fe80::/64  |    ::   |   enp0s3  |   U   |
[   13.429945] cloud-init[966]: ci-info: |   4   |   ff00::/8  |    ::   |   enp0s3  |   U   |
[   13.431845] cloud-init[966]: ci-info: +-------+-------------+---------+-----------+-------+
[   13.436412] cloud-init[966]: Generating public/private rsa key pair.
[   13.438144] cloud-init[966]: Your identification has been saved in /etc/ssh/ssh_host_rsa_key.
[   13.444330] cloud-init[966]: Your public key has been saved in /etc/ssh/ssh_host_rsa_key.pub.
[   13.445507] cloud-init[966]: The key fingerprint is:
[   13.446808] cloud-init[966]: SHA256:atnLX2t4YWBFA8NJOCySRVIJJhsCE9db94+csgXLIpA root@ubuntu-xenial
[   13.453040] cloud-init[966]: The key's randomart image is:
[   13.454148] cloud-init[966]: +---[RSA 2048]----+
[   13.455139] cloud-init[966]: |*.+.+*+o +++o    |
[   13.457826] cloud-init[966]: | + =+.+ = o...   |
[   13.458884] cloud-init[966]: |  .. + o o .     |
[[0;32m  OK  [0m] Started Initial cloud-init job (metadata service crawler).
[[0;32m  OK  [0m] Reached target System Initialization.
[   13.459976] cloud-init[966]: |  E .   . +      |
[[0;32m  OK  [0m] Started ACPI Events Check.
[   13.466486] cloud-init[966]: |   .   .S= =     |
[[0;32m  OK  [0m[   13.468445] cloud-init[966]: |    . .++ = +    |
[   13.469348] cloud-init[966]: |     .+..+ o..   |
[   13.470036] cloud-init[966]: |     . .....o.   |
[   13.470718] cloud-init[966]: |        o..o.    |
[   13.471452] cloud-init[966]: +----[SHA256]-----+
] Reached target Paths.
[[0;32m  OK  [0m] Listening on D-Bus System Message Bus Socket.
[   13.474646]          Starting LXD - unix socket.
[[0;32m  OK  [0m] Listening on ACPID Listen Socket.
[[0;32m  OK  [0m] Listening on UUID daemon activation socket.
         Starting Socket activation for snappy daemon.
[[0;32m  OK  [0m] Started Daily Cleanup of Temporary Directories.
cloud-init[966]: Generating public/private dsa key pair.
[   13.488276] cloud-init[966]: Your identification has been saved in /etc/ssh/ssh_host_dsa_key.
[   13.489437] cloud-init[966]: Your public key has been saved in /etc/ssh/ssh_host_dsa_key.pub.
[   13.490802] cloud-init[966]: The key fingerprint is:
[   13.491734] cloud-init[966]: SHA256:yGIm7JRHAYwh/hCe0IqwrHYEViZYUZmppdT2JDm6EL0 root@ubuntu-xenial
[[0;32m  OK  [0m] Started Ubuntu Advantage update messaging.
[   13.494067] cloud-init[966]: The key's randomart image is:
[[0;32m  OK  [0m] Started Message of the Day.
[[0;32m  OK  [0m] Started Daily apt download activities.
[   13.497520] cloud-init[966]: +---[DSA 1024]----+
[   13.499427] cloud-init[966]: |=X=Bo=           |[[0;32m  OK  [0m] Started Daily apt upgrade and clean activities.
[[0;32m  OK  [0m] Reached target Timers.
[[0;32m  OK  [0m] Reached target Network is Online.
         Starting iSCSI initiator daemon (iscsid)...
[[0;32m  OK  [0m
[   13.504360] cloud-init[966]: |XoX @..          |
[   13.505059] cloud-init[966]: |=X.B.=           |
[   13.505336] cloud-init[966]: |=oE+ ...         |
[   13.506538] cloud-init[966]: |..*o= o S        |
[   13.507334] cloud-init[966]: |.+.* .           |] Reached target Cloud-config availability.
[[0;32m  OK  [0m] Listening on LXD - unix socket.
[[0;32m  OK  [0m] Listening on Socket activation for snappy daemon.
[[0;32m  OK  [0m] Reached target Sockets.
[[0;32m  OK  [0m
[   13.512326] cloud-init[966]: |. o              |
[   13.512869] cloud-init[966]: |                 |
[   13.513603] cloud-init[966]: |                 |
[   13.514294] cloud-init[966]: +----[SHA256]-----+
[   13.515122] cloud-init[966]: Generating public/private ecdsa key pair.
[   13.517316] cloud-init[966]: Your identification has been saved in /etc/ssh/ssh_host_ecdsa_key.] Reached target Basic System.
[[0;32m  OK  [0m] Started ACPI event daemon.

[[0;32m  OK  [0m] Started Regular background program processing daemon.
[[0;32m  OK  [0m] Started FUSE filesystem for LXC.
         Starting Login Service...
[[0;32m  OK  [0m] Started Deferred execution scheduler.
         Starting System Logging Service...
         Starting LSB: Record successful boot for GRUB...
[   13.532897] cloud-init[966]: Your public key has been saved in /etc/ssh/ssh_host_ecdsa_key.pub.         Starting Pollinate to seed the pseudo random number generator...
         Starting Virtualbox guest utils...
         Starting Snap Daemon...
         Starting LSB: MD monitoring daemon...
         Starting Accounts Service...
[[0;32m  OK  [0m] Started D-Bus System Message Bus.

[   13.624035] cloud-init[966]: The key fingerprint is:
[   13.628040] cloud-init[966]: SHA256:3WH96ufogOj05rgfOKl++vuvIOdZTWb8CGkVbVqoqN8 root@ubuntu-xenial
[   13.640242] cloud-init[966]: The key's randomart image is:
[   13.648682] cloud-init[966]: +---[ECDSA 256]---+
[   13.650730] cloud-init[966]: |            .o   |
[   13.652266] cloud-init[966]: |            .o+  |
[   13.663025] cloud-init[966]: |         . .++.  |
[   13.666896] cloud-init[966]: |        ...*.. . |
[   13.669519] cloud-init[966]: |       .S = *   .|
[   13.670980] cloud-init[966]: |      .  = B o . |
         Starting /etc/rc.local Compatibility...
[   13.689585] cloud-init[966]: |      ..O.+ + o  |
         Starting LXD - container startup/shutdown...
[[0;32m  OK  [0m] Started System Logging Service.
[   13.696553] cloud-init[966]: |       BoBE. o ..|
[[0;32m  OK  [0m] Started /etc/rc.local Compatibility.
[   13.713789] cloud-init[966]: |     .++OB*o..+o.|
[   13.727694] [[0;32m  OK  [0m] Started Login Service.
[[0;32m  OK  [0m] Started Unattended Upgrades Shutdown.
         Starting Authenticate and Authorize Users to Run Privileged Tasks...
[[0;32m  OK  [0m] Started iSCSI initiator daemon (iscsid).
         Starting Login to default iSCSI targets...
cloud-init[966]: +----[SHA256]-----+
[   13.793758] cloud-init[966]: Generating public/private ed25519 key pair.
[[0;32m  OK  [0m] Started Login to default iSCSI targets.
[[0;32m  OK  [0m] Started LSB: Record successful boot for GRUB.
[[0;32m  OK  [0m] Reached target Remote File Systems (Pre).
[[0;32m  OK  [0m] Reached target Remote File Systems.
         Starting LSB: Set the CPU Frequency Scaling governor to "ondemand"...
         Starting Permit User Sessions...
[   13.817030] cloud-init[966]: Your identification has been saved in /etc/ssh/ssh_host_ed25519_key.
         Starting LSB: automatic crash report generation...
[   13.864335] cloud-init[966]: Your public key has been saved in /etc/ssh/ssh_host_ed25519_key.pub.
         Starting LSB: daemon to balance interrupts for SMP systems...
[[0;32m  OK  [0m] Started Permit User Sessions.
         Starting Hold until boot process finishes up...
         Starting Terminate Plymouth Boot Screen...
[[0;32m  OK  [0m] Started Hold until boot process finishes up.
[[0;32m  OK  [0m] Started Serial Getty on ttyS0.
[[0;32m  OK  [0m] Started Getty on tty1.
[[0;32m  OK  [0m] Reached target Login Prompts.
         Starting Set console scheme...
[[0;32m  OK  [0m] Started Terminate Plymouth Boot Screen.
[[0;32m  OK  [0m] Started LSB: MD monitoring daemon.
[[0;32m  OK  [0m] Started Set console scheme.
[   13.919268] cloud-init[966]: The key fingerprint is:
[[0;32m  OK  [0m] Started Authenticate and Authorize Users to Run Privileged Tasks.
[   13.952702] cloud-init[966]: SHA256:e9SFL4MLwZr34rH/JBnsk54JFnV5uFKwIGS4ZNHp+5E root@ubuntu-xenial
[   13.959056] cloud-init[966]: The key's randomart image is:
[   13.965843] cloud-init[966]: +--[ED25519 256]--+
[   13.979442] cloud-init[966]: |    .=+.. .      |
[[0;32m  OK  [0m] Started Accounts Service.
[   13.987720] cloud-init[966]: |    +.oo . o +   |
[[0;32m  OK  [0m] Started LSB: Set the CPU Frequency Scaling governor to "ondemand".
[   13.997032] cloud-init[966]: |   o o  o o * o  |
[[0;32m  OK  [0m] Started LSB: automatic crash report generation.
[   14.016463] cloud-init[966]: |    . .o + = =   |
[   14.028032] cloud-init[966]: |      o.S.* = .  |
[[0;32m  OK  [0m] Started LSB: daemon to balance interrupts for SMP systems.
[   14.050669] cloud-init[966]: |      ..EB * o   |
[   14.057593] cloud-init[966]: |       .*.X .    |
[   14.069999] cloud-init[966]: |       o.B *     |
[   14.076269] cloud-init[966]: [[0;32m  OK  [0m] Started LXD - container startup/shutdown.
|        o.=..    |
[   14.088019] cloud-init[966]: +----[SHA256]-----+
[[0;32m  OK  [0m] Started Virtualbox guest utils.
[[0;32m  OK  [0m] Started Snap Daemon.
         Starting Wait until snapd is fully seeded...
[[0;32m  OK  [0m] Started Pollinate to seed the pseudo random number generator.
         Starting OpenBSD Secure Shell server...
[[0;32m  OK  [0m] Started OpenBSD Secure Shell server.
[[0;32m  OK  [0m] Started Wait until snapd is fully seeded.
         Starting Apply the settings specified in cloud-config...
[[0;32m  OK  [0m] Reached target Multi-User System.
[[0;32m  OK  [0m] Reached target Graphical Interface.
         Starting Update UTMP about System Runlevel Changes...
[[0;32m  OK  [0m] Started Update UTMP about System Runlevel Changes.
[   17.410747] cloud-init[1319]: Generating locales (this might take a while)...
[   18.316014] cloud-init[1319]:   en_US.UTF-8... done
[   18.318603] cloud-init[1319]: Generation complete.
[   18.671862] cloud-init[1319]: Cloud-init v. 21.1-19-gbad84ad4-0ubuntu1~16.04.2 running 'modules:config' at Mon, 20 Sep 2021 12:30:26 +0000. Up 17.30 seconds.
[[0;32m  OK  [0m] Started Apply the settings specified in cloud-config.
         Starting Execute cloud user/final scripts...
ci-info: no authorized SSH keys fingerprints found for user ubuntu.
<14>Sep 20 12:30:28 ec2: 
<14>Sep 20 12:30:28 ec2: #############################################################
<14>Sep 20 12:30:28 ec2: -----BEGIN SSH HOST KEY FINGERPRINTS-----
<14>Sep 20 12:30:28 ec2: 1024 SHA256:yGIm7JRHAYwh/hCe0IqwrHYEViZYUZmppdT2JDm6EL0 root@ubuntu-xenial (DSA)
<14>Sep 20 12:30:28 ec2: 256 SHA256:3WH96ufogOj05rgfOKl++vuvIOdZTWb8CGkVbVqoqN8 root@ubuntu-xenial (ECDSA)
<14>Sep 20 12:30:28 ec2: 256 SHA256:e9SFL4MLwZr34rH/JBnsk54JFnV5uFKwIGS4ZNHp+5E root@ubuntu-xenial (ED25519)
<14>Sep 20 12:30:28 ec2: 2048 SHA256:atnLX2t4YWBFA8NJOCySRVIJJhsCE9db94+csgXLIpA root@ubuntu-xenial (RSA)
<14>Sep 20 12:30:28 ec2: -----END SSH HOST KEY FINGERPRINTS-----
<14>Sep 20 12:30:28 ec2: #############################################################
-----BEGIN SSH HOST KEY KEYS-----
ecdsa-sha2-nistp256 AAAAE2VjZHNhLXNoYTItbmlzdHAyNTYAAAAIbmlzdHAyNTYAAABBBNkbQVqnwZrBevGP8LlWMcDCQc43SZMu88L1vsH8bZYUeKXzsc0niYx6+/M3xsVbQ5G+SFGVDr0xjGI6bMM0WZM= root@ubuntu-xenial
ssh-ed25519 AAAAC3NzaC1lZDI1NTE5AAAAINLABc+JuoZbbhCjWK6WhXLu430v2H3cxyV5eD8x6tlh root@ubuntu-xenial
ssh-rsa AAAAB3NzaC1yc2EAAAADAQABAAABAQDRbWgbSuqZvDLlZkoGuPIlqg/tTDHl1QYV9x5XyDG4+D8DD+Cd3J4pKI41ktrMzyKSed6zG6xB4YExlp563PYn6SX1hRHgPeqma3jSiSCIPVdx5NCakN7ivMUAGRIcIHlFN2Jr74CXALaEhWk0oW5tCNefVvCLoTTh6EID4T4gLudKFk5mrrK4MWJT1U+QYz+0Hiie0uMvWrLVRzvmiyC4R0Jl9H5XOUBl3OWfHTL6CAR+3sT7hOBoqiATGiQAmXxL9NQN7O+XZdeghTDEL2M/cupnhz2saD41eRf9sjUDV8O3RcNipbOXTorNzbynqXYJTu5rq6K2KYnHW76KUltX root@ubuntu-xenial
-----END SSH HOST KEY KEYS-----
[   19.342786] cloud-init[1364]: Cloud-init v. 21.1-19-gbad84ad4-0ubuntu1~16.04.2 running 'modules:final' at Mon, 20 Sep 2021 12:30:28 +0000. Up 19.09 seconds.
[   19.344767] cloud-init[1364]: ci-info: no authorized SSH keys fingerprints found for user ubuntu.
[   19.348141] cloud-init[1364]: Cloud-init v. 21.1-19-gbad84ad4-0ubuntu1~16.04.2 finished at Mon, 20 Sep 2021 12:30:28 +0000. Datasource DataSourceNoCloud [seed=/dev/sdb][dsmode=net].  Up 19.32 seconds

Ubuntu 16.04.7 LTS ubuntu-xenial ttyS0

ubuntu-xenial login: 