[    0.000000] Linux version 4.15.0-156-generic (buildd@lcy01-amd64-008) (gcc version 7.5.0 (Ubuntu 7.5.0-3ubuntu1~18.04)) #163-Ubuntu SMP Thu Aug 19 23:31:58 UTC 2021 (Ubuntu 4.15.0-156.163-generic 4.15.18)
[    0.000000] Command line: BOOT_IMAGE=/boot/vmlinuz-4.15.0-156-generic root=LABEL=cloudimg-rootfs ro console=tty1 console=ttyS0
[    0.000000] KERNEL supported cpus:
[    0.000000]   Intel GenuineIntel
[    0.000000]   AMD AuthenticAMD
[    0.000000]   Centaur CentaurHauls
[    0.000000] x86/fpu: Supporting XSAVE feature 0x001: 'x87 floating point registers'
[    0.000000] x86/fpu: Supporting XSAVE feature 0x002: 'SSE registers'
[    0.000000] x86/fpu: Supporting XSAVE feature 0x004: 'AVX registers'
[    0.000000] x86/fpu: xstate_offset[2]:  576, xstate_sizes[2]:  256
[    0.000000] x86/fpu: Enabled xstate features 0x7, context size is 832 bytes, using 'standard' format.
[    0.000000] e820: BIOS-provided physical RAM map:
[    0.000000] BIOS-e820: [mem 0x0000000000000000-0x000000000009fbff] usable
[    0.000000] BIOS-e820: [mem 0x000000000009fc00-0x000000000009ffff] reserved
[    0.000000] BIOS-e820: [mem 0x00000000000f0000-0x00000000000fffff] reserved
[    0.000000] BIOS-e820: [mem 0x0000000000100000-0x00000000445effff] usable
[    0.000000] BIOS-e820: [mem 0x00000000445f0000-0x00000000445fffff] ACPI data
[    0.000000] BIOS-e820: [mem 0x00000000fec00000-0x00000000fec00fff] reserved
[    0.000000] BIOS-e820: [mem 0x00000000fee00000-0x00000000fee00fff] reserved
[    0.000000] BIOS-e820: [mem 0x00000000fffc0000-0x00000000ffffffff] reserved
[    0.000000] NX (Execute Disable) protection: active
[    0.000000] SMBIOS 2.5 present.
[    0.000000] DMI: innotek GmbH VirtualBox/VirtualBox, BIOS VirtualBox 12/01/2006
[    0.000000] Hypervisor detected: KVM
[    0.000000] e820: last_pfn = 0x445f0 max_arch_pfn = 0x400000000
[    0.000000] MTRR: Disabled
[    0.000000] x86/PAT: MTRRs disabled, skipping PAT initialization too.
[    0.000000] CPU MTRRs all blank - virtualized system.
[    0.000000] x86/PAT: Configuration [0-7]: WB  WT  UC- UC  WB  WT  UC- UC  
[    0.000000] found SMP MP-table at [mem 0x0009fff0-0x0009ffff]
[    0.000000] Scanning 1 areas for low memory corruption
[    0.000000] RAMDISK: [mem 0x359cf000-0x36cdefff]
[    0.000000] ACPI: Early table checksum verification disabled
[    0.000000] ACPI: RSDP 0x00000000000E0000 000024 (v02 VBOX  )
[    0.000000] ACPI: XSDT 0x00000000445F0030 00003C (v01 VBOX   VBOXXSDT 00000001 ASL  00000061)
[    0.000000] ACPI: FACP 0x00000000445F00F0 0000F4 (v04 VBOX   VBOXFACP 00000001 ASL  00000061)
[    0.000000] ACPI: DSDT 0x00000000445F0470 002325 (v02 VBOX   VBOXBIOS 00000002 INTL 20200925)
[    0.000000] ACPI: FACS 0x00000000445F0200 000040
[    0.000000] ACPI: FACS 0x00000000445F0200 000040
[    0.000000] ACPI: APIC 0x00000000445F0240 000054 (v02 VBOX   VBOXAPIC 00000001 ASL  00000061)
[    0.000000] ACPI: SSDT 0x00000000445F02A0 0001CC (v01 VBOX   VBOXCPUT 00000002 INTL 20200925)
[    0.000000] ACPI: Reserving FACP table memory at [mem 0x445f00f0-0x445f01e3]
[    0.000000] ACPI: Reserving DSDT table memory at [mem 0x445f0470-0x445f2794]
[    0.000000] ACPI: Reserving FACS table memory at [mem 0x445f0200-0x445f023f]
[    0.000000] ACPI: Reserving FACS table memory at [mem 0x445f0200-0x445f023f]
[    0.000000] ACPI: Reserving APIC table memory at [mem 0x445f0240-0x445f0293]
[    0.000000] ACPI: Reserving SSDT table memory at [mem 0x445f02a0-0x445f046b]
[    0.000000] No NUMA configuration found
[    0.000000] Faking a node at [mem 0x0000000000000000-0x00000000445effff]
[    0.000000] NODE_DATA(0) allocated [mem 0x445c5000-0x445effff]
[    0.000000] kvm-clock: cpu 0, msr 0:44544001, primary cpu clock
[    0.000000] kvm-clock: Using msrs 4b564d01 and 4b564d00
[    0.000000] kvm-clock: using sched offset of 3524060633 cycles
[    0.000000] clocksource: kvm-clock: mask: 0xffffffffffffffff max_cycles: 0x1cd42e4dffb, max_idle_ns: 881590591483 ns
[    0.000000] Zone ranges:
[    0.000000]   DMA      [mem 0x0000000000001000-0x0000000000ffffff]
[    0.000000]   DMA32    [mem 0x0000000001000000-0x00000000445effff]
[    0.000000]   Normal   empty
[    0.000000]   Device   empty
[    0.000000] Movable zone start for each node
[    0.000000] Early memory node ranges
[    0.000000]   node   0: [mem 0x0000000000001000-0x000000000009efff]
[    0.000000]   node   0: [mem 0x0000000000100000-0x00000000445effff]
[    0.000000] Reserved but unavailable: 104 pages
[    0.000000] Initmem setup node 0 [mem 0x0000000000001000-0x00000000445effff]
[    0.000000] ACPI: PM-Timer IO Port: 0x4008
[    0.000000] IOAPIC[0]: apic_id 1, version 32, address 0xfec00000, GSI 0-23
[    0.000000] ACPI: INT_SRC_OVR (bus 0 bus_irq 0 global_irq 2 dfl dfl)
[    0.000000] ACPI: INT_SRC_OVR (bus 0 bus_irq 9 global_irq 9 low level)
[    0.000000] Using ACPI (MADT) for SMP configuration information
[    0.000000] smpboot: Allowing 1 CPUs, 0 hotplug CPUs
[    0.000000] PM: Registered nosave memory: [mem 0x00000000-0x00000fff]
[    0.000000] PM: Registered nosave memory: [mem 0x0009f000-0x0009ffff]
[    0.000000] PM: Registered nosave memory: [mem 0x000a0000-0x000effff]
[    0.000000] PM: Registered nosave memory: [mem 0x000f0000-0x000fffff]
[    0.000000] e820: [mem 0x44600000-0xfebfffff] available for PCI devices
[    0.000000] Booting paravirtualized kernel on KVM
[    0.000000] clocksource: refined-jiffies: mask: 0xffffffff max_cycles: 0xffffffff, max_idle_ns: 7645519600211568 ns
[    0.000000] random: get_random_bytes called from start_kernel+0x99/0x500 with crng_init=0
[    0.000000] setup_percpu: NR_CPUS:8192 nr_cpumask_bits:1 nr_cpu_ids:1 nr_node_ids:1
[    0.000000] percpu: Embedded 45 pages/cpu s147456 r8192 d28672 u2097152
[    0.000000] PV qspinlock hash table entries: 256 (order: 0, 4096 bytes)
[    0.000000] Built 1 zonelists, mobility grouping on.  Total pages: 275553
[    0.000000] Policy zone: DMA32
[    0.000000] Kernel command line: BOOT_IMAGE=/boot/vmlinuz-4.15.0-156-generic root=LABEL=cloudimg-rootfs ro console=tty1 console=ttyS0
[    0.000000] Memory: 1052528K/1119800K available (12300K kernel code, 2483K rwdata, 4320K rodata, 2448K init, 2724K bss, 67272K reserved, 0K cma-reserved)
[    0.000000] SLUB: HWalign=64, Order=0-3, MinObjects=0, CPUs=1, Nodes=1
[    0.000000] Kernel/User page tables isolation: enabled
[    0.000000] ftrace: allocating 39466 entries in 155 pages
[    0.004000] Hierarchical RCU implementation.
[    0.004000] 	RCU restricting CPUs from NR_CPUS=8192 to nr_cpu_ids=1.
[    0.004000] 	Tasks RCU enabled.
[    0.004000] RCU: Adjusting geometry for rcu_fanout_leaf=16, nr_cpu_ids=1
[    0.004000] NR_IRQS: 524544, nr_irqs: 256, preallocated irqs: 16
[    0.004000] Console: colour VGA+ 80x25
[    0.004000] console [tty1] enabled
[    0.004000] console [ttyS0] enabled
[    0.004000] ACPI: Core revision 20170831
[    0.004000] ACPI: 2 ACPI AML tables successfully acquired and loaded
[    0.004000] APIC: Switch to symmetric I/O mode setup
[    0.004000] x2apic enabled
[    0.004000] Switched APIC routing to physical x2apic.
[    0.004000] ..TIMER: vector=0x30 apic1=0 pin1=2 apic2=-1 pin2=-1
[    0.004004] tsc: Detected 2496.066 MHz processor
[    0.004788] Calibrating delay loop (skipped) preset value.. 4992.13 BogoMIPS (lpj=9984264)
[    0.005390] pid_max: default: 32768 minimum: 301
[    0.006281] Security Framework initialized
[    0.008003] Yama: becoming mindful.
[    0.008613] AppArmor: AppArmor initialized
[    0.010500] Dentry cache hash table entries: 262144 (order: 9, 2097152 bytes)
[    0.012649] Inode-cache hash table entries: 131072 (order: 8, 1048576 bytes)
[    0.014078] Mount-cache hash table entries: 4096 (order: 3, 32768 bytes)
[    0.015197] Mountpoint-cache hash table entries: 4096 (order: 3, 32768 bytes)
[    0.016286] process: using mwait in idle threads
[    0.017089] Last level iTLB entries: 4KB 64, 2MB 8, 4MB 8
[    0.017985] Last level dTLB entries: 4KB 64, 2MB 0, 4MB 0, 1GB 4
[    0.018939] Spectre V1 : Mitigation: usercopy/swapgs barriers and __user pointer sanitization
[    0.020004] Spectre V2 : Mitigation: Full generic retpoline
[    0.021002] Spectre V2 : Spectre v2 / SpectreRSB mitigation: Filling RSB on context switch
[    0.022380] Speculative Store Bypass: Vulnerable
[    0.024050] SRBDS: Unknown: Dependent on hypervisor status
[    0.025122] MDS: Mitigation: Clear CPU buffers
[    0.042636] Freeing SMP alternatives memory: 36K
[    0.153390] smpboot: CPU0: Intel(R) Core(TM) i5-6300U CPU @ 2.40GHz (family: 0x6, model: 0x4e, stepping: 0x3)
[    0.155201] Performance Events: unsupported p6 CPU model 78 no PMU driver, software events only.
[    0.156000] Hierarchical SRCU implementation.
[    0.156763] NMI watchdog: Perf event create on CPU 0 failed with -2
[    0.157832] NMI watchdog: Perf NMI watchdog permanently disabled
[    0.160053] smp: Bringing up secondary CPUs ...
[    0.160792] smp: Brought up 1 node, 1 CPU
[    0.161472] smpboot: Max logical packages: 1
[    0.162353] smpboot: Total of 1 processors activated (4992.13 BogoMIPS)
[    0.163675] devtmpfs: initialized
[    0.164056] x86/mm: Memory block size: 128MB
[    0.164902] evm: security.selinux
[    0.165471] evm: security.SMACK64
[    0.166041] evm: security.SMACK64EXEC
[    0.166670] evm: security.SMACK64TRANSMUTE
[    0.167478] evm: security.SMACK64MMAP
[    0.168005] evm: security.apparmor
[    0.168685] evm: security.ima
[    0.169225] evm: security.capability
[    0.169968] clocksource: jiffies: mask: 0xffffffff max_cycles: 0xffffffff, max_idle_ns: 7645041785100000 ns
[    0.171537] futex hash table entries: 256 (order: 2, 16384 bytes)
[    0.172046] pinctrl core: initialized pinctrl subsystem
[    0.173142] RTC time: 14:36:53, date: 09/24/21
[    0.173978] NET: Registered protocol family 16
[    0.174774] audit: initializing netlink subsys (disabled)
[    0.176133] cpuidle: using governor ladder
[    0.176834] cpuidle: using governor menu
[    0.177590] ACPI: bus type PCI registered
[    0.178265] acpiphp: ACPI Hot Plug PCI Controller Driver version: 0.5
[    0.180008] audit: type=2000 audit(1632494218.917:1): state=initialized audit_enabled=0 res=1
[    0.181468] PCI: Using configuration type 1 for base access
[    0.183428] HugeTLB registered 2.00 MiB page size, pre-allocated 0 pages
[    0.184205] ACPI: Added _OSI(Module Device)
[    0.184942] ACPI: Added _OSI(Processor Device)
[    0.185791] ACPI: Added _OSI(3.0 _SCP Extensions)
[    0.186681] ACPI: Added _OSI(Processor Aggregator Device)
[    0.188034] ACPI: Added _OSI(Linux-Dell-Video)
[    0.188873] ACPI: Added _OSI(Linux-Lenovo-NV-HDMI-Audio)
[    0.189834] ACPI: Added _OSI(Linux-HPI-Hybrid-Graphics)
[    0.191064] ACPI: Executed 1 blocks of module-level executable AML code
[    0.196724] ACPI: Interpreter enabled
[    0.197444] ACPI: (supports S0 S5)
[    0.198041] ACPI: Using IOAPIC for interrupt routing
[    0.199112] PCI: Using host bridge windows from ACPI; if necessary, use "pci=nocrs" and report a bug
[    0.200179] ACPI: Enabled 2 GPEs in block 00 to 07
[    0.208392] ACPI: PCI Root Bridge [PCI0] (domain 0000 [bus 00-ff])
[    0.209621] acpi PNP0A03:00: _OSC: OS supports [ASPM ClockPM Segments MSI]
[    0.211437] acpi PNP0A03:00: _OSC: not requesting OS control; OS requires [ExtendedConfig ASPM ClockPM MSI]
[    0.212018] acpi PNP0A03:00: fail to add MMCONFIG information, can't access extended PCI configuration space under this bridge.
[    0.214373] PCI host bridge to bus 0000:00
[    0.216006] pci_bus 0000:00: root bus resource [io  0x0000-0x0cf7 window]
[    0.217298] pci_bus 0000:00: root bus resource [io  0x0d00-0xffff window]
[    0.218434] pci_bus 0000:00: root bus resource [mem 0x000a0000-0x000bffff window]
[    0.220000] pci_bus 0000:00: root bus resource [mem 0x44600000-0xfdffffff window]
[    0.220006] pci_bus 0000:00: root bus resource [bus 00-ff]
[    0.225525] pci 0000:00:01.1: legacy IDE quirk: reg 0x10: [io  0x01f0-0x01f7]
[    0.226727] pci 0000:00:01.1: legacy IDE quirk: reg 0x14: [io  0x03f6]
[    0.227804] pci 0000:00:01.1: legacy IDE quirk: reg 0x18: [io  0x0170-0x0177]
[    0.228005] pci 0000:00:01.1: legacy IDE quirk: reg 0x1c: [io  0x0376]
[    0.250970] pci 0000:00:07.0: quirk: [io  0x4000-0x403f] claimed by PIIX4 ACPI
[    0.252025] pci 0000:00:07.0: quirk: [io  0x4100-0x410f] claimed by PIIX4 SMB
[    0.265135] ACPI: PCI Interrupt Link [LNKA] (IRQs 5 9 10 *11)
[    0.266621] ACPI: PCI Interrupt Link [LNKB] (IRQs 5 9 *10 11)
[    0.267856] ACPI: PCI Interrupt Link [LNKC] (IRQs 5 *9 10 11)
[    0.268142] ACPI: PCI Interrupt Link [LNKD] (IRQs 5 9 10 *11)
[    0.269934] SCSI subsystem initialized
[    0.270992] pci 0000:00:02.0: vgaarb: setting as boot VGA device
[    0.272000] pci 0000:00:02.0: vgaarb: VGA device added: decodes=io+mem,owns=io+mem,locks=none
[    0.272029] pci 0000:00:02.0: vgaarb: bridge control possible
[    0.276009] vgaarb: loaded
[    0.277101] ACPI: bus type USB registered
[    0.277866] usbcore: registered new interface driver usbfs
[    0.278869] usbcore: registered new interface driver hub
[    0.280020] usbcore: registered new device driver usb
[    0.281001] EDAC MC: Ver: 3.0.0
[    0.281863] PCI: Using ACPI for IRQ routing
[    0.284258] NetLabel: Initializing
[    0.284874] NetLabel:  domain hash size = 128
[    0.285650] NetLabel:  protocols = UNLABELED CIPSOv4 CALIPSO
[    0.286690] NetLabel:  unlabeled traffic allowed by default
[    0.287770] clocksource: Switched to clocksource kvm-clock
[    0.300536] VFS: Disk quotas dquot_6.6.0
[    0.301417] VFS: Dquot-cache hash table entries: 512 (order 0, 4096 bytes)
[    0.302659] AppArmor: AppArmor Filesystem Enabled
[    0.303600] pnp: PnP ACPI init
[    0.305387] pnp: PnP ACPI: found 3 devices
[    0.311744] clocksource: acpi_pm: mask: 0xffffff max_cycles: 0xffffff, max_idle_ns: 2085701024 ns
[    0.313470] NET: Registered protocol family 2
[    0.314282] IP idents hash table entries: 32768 (order: 6, 262144 bytes)
[    0.315771] TCP established hash table entries: 16384 (order: 5, 131072 bytes)
[    0.317175] TCP bind hash table entries: 16384 (order: 6, 262144 bytes)
[    0.318294] TCP: Hash tables configured (established 16384 bind 16384)
[    0.319408] UDP hash table entries: 1024 (order: 3, 32768 bytes)
[    0.320447] UDP-Lite hash table entries: 1024 (order: 3, 32768 bytes)
[    0.321606] NET: Registered protocol family 1
[    0.322371] pci 0000:00:00.0: Limiting direct PCI/PCI transfers
[    0.323512] pci 0000:00:01.0: Activating ISA DMA hang workarounds
[    0.324635] pci 0000:00:02.0: Video device with shadowed ROM at [mem 0x000c0000-0x000dffff]
[    0.326130] Unpacking initramfs...
[    0.645903] Freeing initrd memory: 19520K
[    0.653085] clocksource: tsc: mask: 0xffffffffffffffff max_cycles: 0x23fab5c01d7, max_idle_ns: 440795325599 ns
[    0.655095] platform rtc_cmos: registered platform RTC device (no PNP device found)
[    0.656628] Scanning for low memory corruption every 60 seconds
[    0.658381] Initialise system trusted keyrings
[    0.659148] Key type blacklist registered
[    0.659880] workingset: timestamp_bits=36 max_order=19 bucket_order=0
[    0.661941] zbud: loaded
[    0.663036] squashfs: version 4.0 (2009/01/31) Phillip Lougher
[    0.664302] fuse init (API version 7.26)
[    0.666215] Key type asymmetric registered
[    0.667037] Asymmetric key parser 'x509' registered
[    0.668078] Block layer SCSI generic (bsg) driver version 0.4 loaded (major 246)
[    0.669393] io scheduler noop registered
[    0.670110] io scheduler deadline registered
[    0.670904] io scheduler cfq registered (default)
[    0.672067] ACPI: AC Adapter [AC] (on-line)
[    0.672821] input: Power Button as /devices/LNXSYSTM:00/LNXPWRBN:00/input/input0
[    0.674158] ACPI: Power Button [PWRF]
[    0.674845] input: Sleep Button as /devices/LNXSYSTM:00/LNXSLPBN:00/input/input1
[    0.676002] ACPI: Sleep Button [SLPF]
[    0.677881] ACPI: Battery Slot [BAT0] (battery present)
[    0.679048] Serial: 8250/16550 driver, 32 ports, IRQ sharing enabled
[    0.701003] 00:02: ttyS0 at I/O 0x3f8 (irq = 4, base_baud = 115200) is a 16550A
[    0.703533] Linux agpgart interface v0.103
[    0.705506] loop: module loaded
[    0.706621] scsi host0: ata_piix
[    0.707255] scsi host1: ata_piix
[    0.707929] ata1: PATA max UDMA/33 cmd 0x1f0 ctl 0x3f6 bmdma 0xd000 irq 14
[    0.709093] ata2: PATA max UDMA/33 cmd 0x170 ctl 0x376 bmdma 0xd008 irq 15
[    0.711953] libphy: Fixed MDIO Bus: probed
[    0.712908] tun: Universal TUN/TAP device driver, 1.6
[    0.714004] PPP generic driver version 2.4.2
[    0.715104] ehci_hcd: USB 2.0 'Enhanced' Host Controller (EHCI) Driver
[    0.716723] ehci-pci: EHCI PCI platform driver
[    0.717536] ehci-platform: EHCI generic platform driver
[    0.718475] ohci_hcd: USB 1.1 'Open' Host Controller (OHCI) Driver
[    0.719876] ohci-pci: OHCI PCI platform driver
[    0.720716] ohci-platform: OHCI generic platform driver
[    0.721855] uhci_hcd: USB Universal Host Controller Interface driver
[    0.723008] i8042: PNP: PS/2 Controller [PNP0303:PS2K,PNP0f03:PS2M] at 0x60,0x64 irq 1,12
[    0.724873] serio: i8042 KBD port at 0x60,0x64 irq 1
[    0.725852] serio: i8042 AUX port at 0x60,0x64 irq 12
[    0.727712] mousedev: PS/2 mouse device common for all mice
[    0.728918] input: AT Translated Set 2 keyboard as /devices/platform/i8042/serio0/input/input2
[    0.730857] rtc_cmos rtc_cmos: rtc core: registered rtc_cmos as rtc0
[    0.732443] rtc_cmos rtc_cmos: alarms up to one day, 114 bytes nvram
[    0.733951] i2c /dev entries driver
[    0.734954] device-mapper: uevent: version 1.0.3
[    0.736569] device-mapper: ioctl: 4.37.0-ioctl (2017-09-20) initialised: dm-devel@redhat.com
[    0.738844] ledtrig-cpu: registered to indicate activity on CPUs
[    0.740144] intel_pmc_core:  initialized
[    0.741257] NET: Registered protocol family 10
[    0.745630] Segment Routing with IPv6
[    0.746417] NET: Registered protocol family 17
[    0.747853] Key type dns_resolver registered
[    0.749789] mce: Using 0 MCE banks
[    0.750857] RAS: Correctable Errors collector initialized.
[    0.752285] sched_clock: Marking stable (752250901, 0)->(939004997, -186754096)
[    0.754200] registered taskstats version 1
[    0.755961] Loading compiled-in X.509 certificates
[    0.759403] Loaded X.509 cert 'Build time autogenerated kernel key: b39ba71f7e5bf175906d0a602aa7bdc709562f9b'
[    0.761899] Loaded X.509 cert 'Canonical Ltd. Live Patch Signing: 14df34d1a87cf37625abec039ef2bf521249b969'
[    0.764622] Loaded X.509 cert 'Canonical Ltd. Kernel Module Signing: 88f752e560a1e0737e31163a466ad7b70a850c19'
[    0.766342] zswap: loaded using pool lzo/zbud
[    0.770177] Key type big_key registered
[    0.771038] Key type trusted registered
[    0.773221] Key type encrypted registered
[    0.773955] AppArmor: AppArmor sha1 policy hashing enabled
[    0.775340] ima: No TPM chip found, activating TPM-bypass! (rc=-19)
[    0.776535] ima: Allocated hash algorithm: sha1
[    0.777319] evm: HMAC attrs: 0x1
[    0.778111]   Magic number: 5:887:637
[    0.779399] rtc_cmos rtc_cmos: setting system clock to 2021-09-24 14:36:54 UTC (1632494214)
[    0.781096] BIOS EDD facility v0.16 2004-Jun-25, 0 devices found
[    0.782127] EDD information not available.
[    0.900795] Freeing unused kernel image memory: 2448K
[    0.908110] Write protecting the kernel read-only data: 20480k
[    0.912589] Freeing unused kernel image memory: 2008K
[    0.916183] Freeing unused kernel image memory: 1824K
[    0.943745] x86/mm: Checked W+X mappings: passed, no W+X pages found.
[    0.948396] x86/mm: Checking user space page tables
[    0.978277] x86/mm: Checked W+X mappings: passed, no W+X pages found.
Loading, please wait...
starting version 237
[    1.099071] e1000: Intel(R) PRO/1000 Network Driver - version 7.3.21-k8-NAPI
[    1.100634] e1000: Copyright (c) 1999-2006 Intel Corporation.
[    1.106304] Fusion MPT base driver 3.04.20
[    1.107140] Copyright (c) 1999-2008 LSI Corporation
[    1.127552] Fusion MPT SPI Host driver 3.04.20
[    1.156986] AVX2 version of gcm_enc/dec engaged.
[    1.158078] AES CTR mode by8 optimization enabled
[    1.324957] input: ImExPS/2 Generic Explorer Mouse as /devices/platform/i8042/serio1/input/input4
[    1.527927] e1000 0000:00:03.0 eth0: (PCI:33MHz:32-bit) 02:d6:10:ef:a7:47
[    1.529100] e1000 0000:00:03.0 eth0: Intel(R) PRO/1000 Network Connection
[    1.531098] mptbase: ioc0: Initiating bringup
[    1.624712] ioc0: LSI53C1030 A0: Capabilities={Initiator}
[    1.869991] scsi host2: ioc0: LSI53C1030 A0, FwRev=00000000h, Ports=1, MaxQ=256, IRQ=20
[    2.040991] scsi 2:0:0:0: Direct-Access     VBOX     HARDDISK         1.0  PQ: 0 ANSI: 5
[    2.053613] scsi target2:0:0: Beginning Domain Validation
[    2.061263] random: fast init done
[    2.062970] scsi target2:0:0: Domain Validation skipping write tests
[    2.065854] scsi target2:0:0: Ending Domain Validation
[    2.067583] scsi target2:0:0: asynchronous
[    2.073326] scsi 2:0:1:0: Direct-Access     VBOX     HARDDISK         1.0  PQ: 0 ANSI: 5
[    2.076019] scsi target2:0:1: Beginning Domain Validation
[    2.078924] scsi target2:0:1: Domain Validation skipping write tests
[    2.080891] scsi target2:0:1: Ending Domain Validation
[    2.082629] scsi target2:0:1: asynchronous
[    2.119958] sd 2:0:0:0: [sda] 83886080 512-byte logical blocks: (42.9 GB/40.0 GiB)
[    2.122158] sd 2:0:0:0: [sda] Write Protect is off
[    2.124199] sd 2:0:0:0: Attached scsi generic sg0 type 0
[    2.125652] sd 2:0:0:0: [sda] Incomplete mode parameter data
[    2.127080] sd 2:0:0:0: [sda] Assuming drive cache: write through
[    2.128955] sd 2:0:1:0: [sdb] 20480 512-byte logical blocks: (10.5 MB/10.0 MiB)
[    2.130860] sd 2:0:1:0: [sdb] Write Protect is off
[    2.132083] random: systemd-udevd: uninitialized urandom read (16 bytes read)
[    2.133865] sd 2:0:1:0: Attached scsi generic sg1 type 0
[    2.135577] sd 2:0:1:0: [sdb] Incomplete mode parameter data
[    2.136948] sd 2:0:1:0: [sdb] Assuming drive cache: write through
[    2.138371] random: systemd-udevd: uninitialized urandom read (16 bytes read)
[    2.140078] random: systemd-udevd: uninitialized urandom read (16 bytes read)
[    2.152730]  sda: sda1
[    2.153584] sd 2:0:1:0: [sdb] Attached SCSI disk
[    2.155220] sd 2:0:0:0: [sda] Attached SCSI disk
[    2.483950] e1000 0000:00:08.0 eth1: (PCI:33MHz:32-bit) 08:00:27:3b:67:ea
[    2.485287] e1000 0000:00:08.0 eth1: Intel(R) PRO/1000 Network Connection
[    2.487864] e1000 0000:00:08.0 enp0s8: renamed from eth1
[    2.490812] e1000 0000:00:03.0 enp0s3: renamed from eth0
Begin: Loading essential drivers ... [    3.976353] raid6: sse2x1   gen() 10267 MB/s
[    4.045013] raid6: sse2x1   xor()  7293 MB/s
[    4.112865] raid6: sse2x2   gen() 12016 MB/s
[    4.175681] raid6: sse2x2   xor()  7522 MB/s
[    4.232655] raid6: sse2x4   gen() 12163 MB/s
[    4.300963] raid6: sse2x4   xor()  8820 MB/s
[    4.367650] raid6: avx2x1   gen() 17665 MB/s
[    4.433323] raid6: avx2x1   xor() 12716 MB/s
[    4.495659] raid6: avx2x2   gen() 22251 MB/s
[    4.558402] raid6: avx2x2   xor() 18186 MB/s
[    4.611138] raid6: avx2x4   gen() 29667 MB/s
[    4.679494] raid6: avx2x4   xor() 17998 MB/s
[    4.680297] raid6: using algorithm avx2x4 gen() 29667 MB/s
[    4.681240] raid6: .... xor() 17998 MB/s, rmw enabled
[    4.682646] raid6: using avx2x2 recovery algorithm
[    4.685694] xor: automatically using best checksumming function   avx       
[    4.690184] async_tx: api initialized (async)
done.
Begin: Running /scripts/init-premount ... done.
Begin: Mounting root file system ... Begin: Running /scripts/local-top ... done.
Begin: Running /scripts/local-premount ... [    4.753237] Btrfs loaded, crc32c=crc32c-intel
Scanning for Btrfs filesystems
done.
Warning: fsck not present, so skipping root file system
[    4.782028] EXT4-fs (sda1): mounted filesystem with ordered data mode. Opts: (null)
done.
Begin: Running /scripts/local-bottom ... done.
Begin: Running /scripts/init-bottom ... done.
[    4.984956] ip_tables: (C) 2000-2006 Netfilter Core Team
[    4.993581] systemd[1]: systemd 237 running in system mode. (+PAM +AUDIT +SELINUX +IMA +APPARMOR +SMACK +SYSVINIT +UTMP +LIBCRYPTSETUP +GCRYPT +GNUTLS +ACL +XZ +LZ4 +SECCOMP +BLKID +ELFUTILS +KMOD -IDN2 +IDN -PCRE2 default-hierarchy=hybrid)
[    4.997245] systemd[1]: Detected virtualization oracle.
[    4.998295] systemd[1]: Detected architecture x86-64.

Welcome to [1mUbuntu 18.04.6 LTS[0m!

[    5.002344] systemd[1]: Set hostname to <ubuntu>.
[    5.005703] systemd[1]: Initializing machine ID from random generator.
[    5.006846] systemd[1]: Installed transient /etc/machine-id file.
[    5.308520] systemd[1]: Reached target Swap.
[[0;32m  OK  [0m] Reached target Swap.
[    5.310331] systemd[1]: Set up automount Arbitrary Executable File Formats File System Automount Point.
[[0;32m  OK  [0m] Set up automount Arbitrary Executab…rmats File System Automount Point.
[    5.313758] systemd[1]: Created slice System Slice.
[[0;32m  OK  [0m] Created slice System Slice.
[    5.324246] systemd[1]: Listening on Syslog Socket.
[[0;32m  OK  [0m] Listening on Syslog Socket.
[[0;32m  OK  [0m] Listening on Device-mapper event daemon FIFOs.
[[0;32m  OK  [0m] Listening on Journal Audit Socket.
[[0;32m  OK  [0m] Listening on Network Service Netlink Socket.
[[0;32m  OK  [0m] Listening on udev Kernel Socket.
[[0;32m  OK  [0m] Listening on LVM2 metadata daemon socket.
[[0;32m  OK  [0m] Listening on udev Control Socket.
[[0;32m  OK  [0m] Listening on Journal Socket (/dev/log).
[[0;32m  OK  [0m] Created slice system-serial\x2dgetty.slice.
[[0;32m  OK  [0m] Listening on Journal Socket.
         Starting Create list of required st…ce nodes for the current kernel...
         Starting Load Kernel Modules...
         Starting Journal Service...
         Starting Uncomplicated firewall...
         Mounting Kernel Debug File System...
         Mounting Huge Pages File System...
         Starting Monitoring of LVM2 mirrors…ng dmeventd or progress polling...[    5.360885] Loading iSCSI transport class v2.0-870.

[[0;32m  OK  [0m] Listening on fsck to fsckd communication Socket.
         Starting File System Check on Root Device...
         Starting Set the console keyboard layout...
         Starting udev Coldplug all Devices...
[[0;32m  OK  [0m] Created slice User and Session Slice.
[[0;32m  OK  [0m] Reached target Slices.
[[0;32m  OK  [0m] Reached target System Time Synchronized.
[[0;32m  OK  [0m] Listening on /dev/initctl Compatibility Named Pipe.
         Mounting POSIX Message Queue File System...
[[0;32m  OK  [0m] Listening on LVM2 poll daemon socket.[    5.446282] iscsi: registered transport (tcp)

[[0;32m  OK  [0m] Started Forward Password Requests to Wall Directory Watch.
[[0;32m  OK  [0m] Reached target User and Group Name Lookups.
[[0;32m  OK  [0m] Started Create list of required sta…vice nodes for the current kernel.
[[0;32m  OK  [0m] Started Uncomplicated firewall.
[[0;32m  OK  [0m] Started File System Check Daemon to report status.
[[0;32m  OK  [0m] Started LVM2 metadata daemon.
         Starting Create Static Device Nodes in /dev...
[[0;32m  OK  [0m] Mounted Kernel Debug File System.
[[0;32m  OK  [0m] Mounted Huge Pages File System.
[[0;32m  OK  [0m] Mounted POSIX Message Queue File System.
[[0;32m  OK  [0m] Started Journal Service.
[[0;32m  OK  [0m] Started udev Coldplug all Devices.
[[0;32m  OK  [0m] Started File System Check on Root Device.
         Starting Remount Root and Kernel File Systems...
[[0;32m  OK  [0m] Started Create Static Device Nodes in /dev.
[[0;32m  OK  [0m] Started Monitoring of LVM2 mirrors,…sing dmeventd or progress polling.
[    5.616842] EXT4-fs (sda1): re-mounted. Opts: (null)
[[0;32m  OK  [0m] Started Remount Root and Kernel File Systems.
         Starting Flush Journal to Persistent Storage...
         Starting udev Kernel Device Manager...
         Starting Load/Save Random Seed...
[    5.653334] systemd-journald[390]: Received request to flush runtime journal from PID 1
[    5.656970] iscsi: registered transport (iser)
[[0;32m  OK  [0m] Started Load Kernel Modules.
         Mounting Kernel Configuration File System...
         Starting Apply Kernel Variables...
         Mounting FUSE Control File System...
[[0;32m  OK  [0m] Mounted Kernel Configuration File System.
[[0;32m  OK  [0m] Mounted FUSE Control File System.
[[0;32m  OK  [0m] Started Load/Save Random Seed.
[[0;32m  OK  [0m] Started udev Kernel Device Manager.
[[0;32m  OK  [0m] Started Apply Kernel Variables.
[[0;32m  OK  [0m] Started Flush Journal to Persistent Storage.
[[0;32m  OK  [0m] Found device /dev/ttyS0.
[[0;32m  OK  [0m] Listening on Load/Save RF Kill Switch Status /dev/rfkill Watch.
[[0;32m  OK  [0m] Started Set the console keyboard layout.
[[0;32m  OK  [0m] Started Dispatch Password Requests to Console Directory Watch.
[[0;32m  OK  [0m] Reached target Local Encrypted Volumes.
[[0;32m  OK  [0m] Reached target Local File Systems (Pre).
[[0;32m  OK  [0m] Reached target Local File Systems.
         Starting ebtables ruleset management...
         Starting Commit a transient machine-id on disk...
         Starting AppArmor initialization...
         Starting Tell Plymouth To Write Out Runtime Data...
         Starting Set console font and keymap...
         Starting Create Volatile Files and Directories...
[[0;32m  OK  [0m] Started Tell Plymouth To Write Out Runtime Data.
[[0;32m  OK  [0m] Started Commit a transient machine-id on disk.
[[0;32m  OK  [0m] Started Set console font and keymap.
[[0;32m  OK  [0m] Started Create Volatile Files and Directories.
         Starting Update UTMP about System Boot/Shutdown...
[[0;32m  OK  [0m] Started Update UTMP about System Boot/Shutdown.
[[0;32m  OK  [0m] Started ebtables ruleset management.
[[0;32m  OK  [0m] Started AppArmor initialization.
         Starting Initial cloud-init job (pre-networking)...
         Starting Load AppArmor profiles managed internally by snapd...
[[0;32m  OK  [0m] Started Load AppArmor profiles managed internally by snapd.
[    9.677169] cloud-init[621]: Cloud-init v. 21.2-3-g899bfaa9-0ubuntu2~18.04.1 running 'init-local' at Fri, 24 Sep 2021 14:37:03 +0000. Up 9.32 seconds.
[[0;32m  OK  [0m] Started Initial cloud-init job (pre-networking).
[[0;32m  OK  [0m] Reached target Network (Pre).
         Starting Network Service...
[[0;32m  OK  [0m] Started Network Service.
         Starting Network Name Resolution...
         Starting Wait for Network to be Configured...
[[0;32m  OK  [0m] Started Network Name Resolution.
[[0;32m  OK  [0m] Reached target Host and Network Name Lookups.
[[0;32m  OK  [0m] Reached target Network.
[[0;32m  OK  [0m] Started Wait for Network to be Configured.
         Starting Initial cloud-init job (metadata service crawler)...
[   12.452477] cloud-init[701]: Cloud-init v. 21.2-3-g899bfaa9-0ubuntu2~18.04.1 running 'init' at Fri, 24 Sep 2021 14:37:05 +0000. Up 12.21 seconds.
[   12.454392] cloud-init[701]: ci-info: ++++++++++++++++++++++++++++++++++++++Net device info+++++++++++++++++++++++++++++++++++++++
[   12.460695] cloud-init[701]: ci-info: +--------+-------+----------------------------+---------------+--------+-------------------+
[   12.466452] cloud-init[701]: ci-info: | Device |   Up  |          Address           |      Mask     | Scope  |     Hw-Address    |
[   12.470770] cloud-init[701]: ci-info: +--------+-------+----------------------------+---------------+--------+-------------------+
[   12.474952] cloud-init[701]: ci-info: | enp0s3 |  True |         10.0.2.15          | 255.255.255.0 | global | 02:d6:10:ef:a7:47 |
[   12.482303] cloud-init[701]: ci-info: | enp0s3 |  True | fe80::d6:10ff:feef:a747/64 |       .       |  link  | 02:d6:10:ef:a7:47 |
[   12.485823] cloud-init[701]: ci-info: | enp0s8 | False |             .              |       .       |   .    | 08:00:27:3b:67:ea |
[   12.489849] cloud-init[701]: ci-info: |   lo   |  True |         127.0.0.1          |   255.0.0.0   |  host  |         .         |
[   12.492238] cloud-init[701]: ci-info: |   lo   |  True |          ::1/128           |       .       |  host  |         .         |
[   12.506237] cloud-init[701]: ci-info: +--------+-------+----------------------------+---------------+--------+-------------------+
[   12.517025] cloud-init[701]: ci-info: ++++++++++++++++++++++++++++Route IPv4 info+++++++++++++++++++++++++++++
[   12.528269] cloud-init[701]: ci-info: +-------+-------------+----------+-----------------+-----------+-------+
[   12.530152] cloud-init[701]: ci-info: | Route | Destination | Gateway  |     Genmask     | Interface | Flags |
[   12.531576] cloud-init[701]: ci-info: +-------+-------------+----------+-----------------+-----------+-------+
[   12.535005] cloud-init[701]: ci-info: |   0   |   0.0.0.0   | 10.0.2.2 |     0.0.0.0     |   enp0s3  |   UG  |
[   12.536196] cloud-init[701]: ci-info: |   1   |   10.0.2.0  | 0.0.0.0  |  255.255.255.0  |   enp0s3  |   U   |
[   12.538126] cloud-init[701]: ci-info: |   2   |   10.0.2.2  | 0.0.0.0  | 255.255.255.255 |   enp0s3  |   UH  |
[   12.548227] cloud-init[701]: ci-info: +-------+-------------+----------+-----------------+-----------+-------+
[   12.549867] cloud-init[701]: ci-info: +++++++++++++++++++Route IPv6 info+++++++++++++++++++
[   12.551177] cloud-init[701]: ci-info: +-------+-------------+---------+-----------+-------+
[   12.552223] cloud-init[701]: ci-info: | Route | Destination | Gateway | Interface | Flags |
[   12.553678] cloud-init[701]: ci-info: +-------+-------------+---------+-----------+-------+
[   12.560231] cloud-init[701]: ci-info: |   1   |  fe80::/64  |    ::   |   enp0s3  |   U   |
[   12.561297] cloud-init[701]: ci-info: |   3   |    local    |    ::   |   enp0s3  |   U   |
[   12.562263] cloud-init[701]: ci-info: |   4   |   ff00::/8  |    ::   |   enp0s3  |   U   |
[   12.563218] cloud-init[701]: ci-info: +-------+-------------+---------+-----------+-------+
[   13.342419] cloud-init[701]: Generating public/private rsa key pair.
[   13.343851] cloud-init[701]: Your identification has been saved in /etc/ssh/ssh_host_rsa_key.
[   13.345609] cloud-init[701]: Your public key has been saved in /etc/ssh/ssh_host_rsa_key.pub.
[   13.348166] cloud-init[701]: The key fingerprint is:
[   13.349189] cloud-init[701]: SHA256:Jgf9Zf4jbJbu5q6DRCtldSJkKzo8+rEJSdWu/+KIVCg root@ubuntu-bionic
[   13.352211] cloud-init[701]: The key's randomart image is:
[   13.356215] cloud-init[701]: +---[RSA 2048]----+
[   13.357038] cloud-init[701]: |       .o        |
[   13.357811] cloud-init[701]: |     . o..o .    |
[   13.358729] cloud-init[701]: |    . + oo oo    |
[   13.359455] cloud-init[701]: |   + o o+. +     |
[   13.360371] cloud-init[701]: |E o * o+S.. .    |
[   13.364298] cloud-init[701]: | o + +.+o  . o   |
[   13.365586] cloud-init[701]: |  = o  o .  * o  |
[   13.366953] cloud-init[701]: | . + *. . .+.. . |
[   13.367902] cloud-init[701]: |  . =.oo. .B=    |
[   13.369080] cloud-init[701]: +----[SHA256]-----+
[   13.372210] cloud-init[701]: Generating public/private dsa key pair.
[   13.373164] cloud-init[701]: Your identification has been saved in /etc/ssh/ssh_host_dsa_key.
[   13.374191] cloud-init[701]: Your public key has been saved in /etc/ssh/ssh_host_dsa_key.pub.
[   13.383349] cloud-init[701]: The key fingerprint is:
[   13.384263] cloud-init[701]: SHA256:wFyUl8ddBxoTFKlS6Zov4RuE7fgYbtO0Dynao4YSonU root@ubuntu-bionic
[   13.385586] cloud-init[701]: The key's randomart image is:
[   13.386578] cloud-init[701]: +---[DSA 1024]----+
[   13.388173] cloud-init[701]: |       .o. =*=.oo|
[   13.392152] cloud-init[701]: |     o .. = ++. .|
[   13.404320] cloud-init[701]: |      +  + o.    |
[   13.405078] cloud-init[701]: |       +. o      |
[   13.405880] cloud-init[701]: |      . S+       |
[   13.406617] cloud-init[701]: |o . E  +=.       |
[   13.408202] cloud-init[701]: |oo o  ++=+       |
[   13.412280] cloud-init[701]: |o . .++==o.      |
[   13.413136] cloud-init[701]: | . .oo+oo+.      |
[   13.432265] cloud-init[701]: +----[SHA256]-----+
[   13.433154] cloud-init[701]: Generating public/private ecdsa key pair.
[   13.434277] cloud-init[701]: Your identification has been saved in /etc/ssh/ssh_host_ecdsa_key.
[   13.439699] cloud-init[701]: Your public key has been saved in /etc/ssh/ssh_host_ecdsa_key.pub.
[   13.441424] cloud-init[701]: The key fingerprint is:
[   13.442536] cloud-init[701]: SHA256:FADmklejybgXOzm1Px+Ph7LSUmXGZHObovPX1+7+1XY root@ubuntu-bionic
[   13.445104] cloud-init[701]: The key's randomart image is:
[   13.446195] cloud-init[701]: +---[ECDSA 256]---+
[   13.447151] cloud-init[701]: |    o.+..        |
[   13.458494] cloud-init[701]: |   * + . .+ .    |
[   13.459612] cloud-init[701]: |  + B . .+ o o   |
[   13.460407] cloud-init[701]: |   + = o  * o    |
[   13.461346] cloud-init[701]: |  . * . S= .     |
[[0;32m  OK  [0m] Started Initial cloud-init job (metadata service crawler).
[[0;32m  OK  [0m] Reached target Network is Online.
[   13.475215] cloud-init[701]: |   . o .+       .|
[   13.478605] cloud-init[701]: |       ooo.. .  E|
         [   13.487835] Starting Availability of block devices...
[[0;32m  OK  [0m] Reached target Remote File Systems (Pre).
[[0;32m  OK  [0m] Reached target Remote File Systems.
[[0;32m  OK  [0m] Reached target Cloud-config availability.
[[0;32m  OK  [0m] Reached target System Initialization.cloud-init[701]: |      o ooo+o ..=|
[   13.493938] cloud-init[701]: |       o.ooo.  =*|
[   13.494250] cloud-init[701]: +----[SHA256]-----+
[   13.495227] cloud-init[701]: Generating public/private ed25519 key pair.
[   13.496019] 
[[0;32m  OK  [0m] Listening on Open-iSCSI iscsid Socket.
[[0;32m  OK  [0m] Listening on ACPID Listen Socket.
[[0;32m  OK  [0m] Listening on D-Bus System Message Bus Socket.
[[0;32m  OK  [0m] Listening on UUID daemon activation socket.
[[0;32m  OK  [0mcloud-init[701]: Your identification has been saved in /etc/ssh/ssh_host_ed25519_key.
[   13.505252] cloud-init[701]: Your public key has been saved in /etc/ssh/ssh_host_ed25519_key.pub.
[   13.506827] cloud-init[701]: The key fingerprint is:
[   13.507542] cloud-init[701]: SHA256:/HExUYQIe3keMrizLkY/kEvaGvAzJekbszcFMjpExdQ root@ubuntu-bionic
] Started Daily apt download activities.
[[0;32m  OK  [0m] Started Ubuntu Advantage update messaging.
[[0;32m  OK  [0m] Started Daily Cleanup of Temporary Directories.
[[0;32m  OK  [0m] Started Message of the Day.
[[0;32m  OK  [0m] Started Daily apt upgrade and clean activities.
         Starting Socket activation for snappy daemon.
[[0;32m  OK  [0m] Started Discard unused blocks once a week.
[[0;32m  OK  [0m] Reached target Timers.
[[0;32m  OK  [0m] Started ACPI Events Check.
[[0;32m  OK  [0m] Reached target Paths.
[   13.524355] cloud-init[701]: The key's randomart image is:
[   13.525207] cloud-init[701]: +--[ED25519 256]--+
[   13.525514] cloud-init[701]: |   +o.  .. ..+o  |
[   13.526162] cloud-init[701]: |  . . E  o....   |
[   13.526361] cloud-init[701]: | .      o = =    |
[   13.526436] cloud-init[701]: |  . o... o = +   |
[   13.526495] cloud-init[701]: | ...oo.oS . o    |
[   13.526564] cloud-init[701]: |  o+ o= .+ o     |
[   13.527347] cloud-init[701]: |   .O= =. .      |
         Starting LXD - unix socket.
[[0;32m  OK  [0m] Started Availability of block devices.
[[0;32m  OK  [0m] Listening on Socket activation for snappy daemon.
[[0;32m  OK  [0m] Listening on LXD - unix socket.
[[0;32m  OK  [0m] Reached target Sockets.
[[0;32m  OK  [0m] Reached target Basic System.
[[0;32m  OK  [0m] Started D-Bus System Message Bus.
[   13.527745] cloud-init[701]: |    .OB.o        |
[   13.546216] cloud-init[701]: |    ++ o..       |
[   13.549750] cloud-init[701]: +----[SHA256]-----+
         Starting LSB: Record successful boot for GRUB...
         Starting Accounts Service...
         Starting Permit User Sessions...
[[0;32m  OK  [0m] Started irqbalance daemon.
[[0;32m  OK  [0m] Started Deferred execution scheduler.
         Starting LSB: automatic crash report generation...
[[0;32m  OK  [0m] Started Regular background program processing daemon.
         Starting Login Service...
[[0;32m  OK  [0m] Started FUSE filesystem for LXC.
         Starting System Logging Service...
         Starting Snap Daemon...
         Starting Virtualbox guest utils...
         Starting Dispatcher daemon for systemd-networkd...
         Starting Pollinate to seed the pseudo random number generator...
         Starting LXD - container startup/shutdown...
[[0;32m  OK  [0m] Started System Logging Service.
[[0;32m  OK  [0m] Started Permit User Sessions.
[[0;32m  OK  [0m] Started Login Service.
         Starting Authorization Manager...
[[0;32m  OK  [0m] Started Unattended Upgrades Shutdown.
         Starting Terminate Plymouth Boot Screen...
         Starting Hold until boot process finishes up...
[[0;32m  OK  [0m] Started Hold until boot process finishes up.
[[0;32m  OK  [0m] Started Serial Getty on ttyS0.
         Starting Set console scheme...
[[0;32m  OK  [0m] Started Terminate Plymouth Boot Screen.
[[0;32m  OK  [0m] Started Set console scheme.
[[0;32m  OK  [0m] Created slice system-getty.slice.
[[0;32m  OK  [0m] Started Getty on tty1.
[[0;32m  OK  [0m] Reached target Login Prompts.
[[0;32m  OK  [0m] Started LSB: automatic crash report generation.
[[0;32m  OK  [0m] Started LSB: Record successful boot for GRUB.
[[0;32m  OK  [0m] Started Authorization Manager.
[[0;32m  OK  [0m] Started Accounts Service.
[[0;32m  OK  [0m] Started Virtualbox guest utils.
[[0;32m  OK  [0m] Started LXD - container startup/shutdown.
[[0;32m  OK  [0m] Started Dispatcher daemon for systemd-networkd.
[[0;32m  OK  [0m] Started Snap Daemon.
         Starting Wait until snapd is fully seeded...
[[0;32m  OK  [0m] Started Pollinate to seed the pseudo random number generator.
         Starting OpenBSD Secure Shell server...
[[0;32m  OK  [0m] Started OpenBSD Secure Shell server.
[[0;32m  OK  [0m] Created slice User Slice of vagrant.
[[0;32m  OK  [0m] Started Session 1 of user vagrant.
         Starting User Manager for UID 1000...
[[0;32m  OK  [0m] Started User Manager for UID 1000.
[[0;32m  OK  [0m] Started Wait until snapd is fully seeded.
         Starting Apply the settings specified in cloud-config...
[[0;32m  OK  [0m] Reached target Multi-User System.
[[0;32m  OK  [0m] Reached target Graphical Interface.
         Starting Update UTMP about System Runlevel Changes...
[[0;32m  OK  [0m] Started Update UTMP about System Runlevel Changes.
[   19.731187] cloud-init[1082]: Cloud-init v. 21.2-3-g899bfaa9-0ubuntu2~18.04.1 running 'modules:config' at Fri, 24 Sep 2021 14:37:12 +0000. Up 18.89 seconds.

Ubuntu 18.04.6 LTS ubuntu-bionic ttyS0

ubuntu-bionic login: ci-info: no authorized SSH keys fingerprints found for user ubuntu.
<14>Sep 24 14:37:14 cloud-init: #############################################################
<14>Sep 24 14:37:14 cloud-init: -----BEGIN SSH HOST KEY FINGERPRINTS-----
<14>Sep 24 14:37:14 cloud-init: 1024 SHA256:wFyUl8ddBxoTFKlS6Zov4RuE7fgYbtO0Dynao4YSonU root@ubuntu-bionic (DSA)
<14>Sep 24 14:37:14 cloud-init: 256 SHA256:FADmklejybgXOzm1Px+Ph7LSUmXGZHObovPX1+7+1XY root@ubuntu-bionic (ECDSA)
<14>Sep 24 14:37:14 cloud-init: 256 SHA256:/HExUYQIe3keMrizLkY/kEvaGvAzJekbszcFMjpExdQ root@ubuntu-bionic (ED25519)
<14>Sep 24 14:37:14 cloud-init: 2048 SHA256:Jgf9Zf4jbJbu5q6DRCtldSJkKzo8+rEJSdWu/+KIVCg root@ubuntu-bionic (RSA)
<14>Sep 24 14:37:14 cloud-init: -----END SSH HOST KEY FINGERPRINTS-----
<14>Sep 24 14:37:14 cloud-init: #############################################################
-----BEGIN SSH HOST KEY KEYS-----
ecdsa-sha2-nistp256 AAAAE2VjZHNhLXNoYTItbmlzdHAyNTYAAAAIbmlzdHAyNTYAAABBBAE4kTTC4EmGquZgsKQ/aM5UhWqtT4KQv0oGg+sSTp1yW8y5a587ExsMxmJwl4577Qy0vJctYPCUoCTWqmohXbo= root@ubuntu-bionic
ssh-ed25519 AAAAC3NzaC1lZDI1NTE5AAAAIGBH+DjPYKzDR5m5b54aYPxFFx28eZ8q/2liH9CiAkcs root@ubuntu-bionic
ssh-rsa AAAAB3NzaC1yc2EAAAADAQABAAABAQCtTdbUfT+vGI6MMoro2DXJLCvLFtqgzJkB1EPbQdxuhYTZG4s/NM7SYUPeGVPyRrTyuFP6EbadssUVraH1G8baFonZyistJ6TTveauUAcXgTnJSgd7IouaSkLZTndi+5+EXIwiQPxkz/3lwmqtRrw65+Upf2uAwpolyAU4uKGMi6Mi1VROxMv2exS3ucPmr24wUCgG49jafHgPHw17HKcZEB08j2lXnv51ZcYBCdOeQHV8R4ZTkDV4S90R+BKL95OFzceT9xjTmt54w3FW5e+4KXcIpOnDjn7Pi0p2nog/LxL5P2tM+O8zZ4ZsccAcK+t9QklOxMIeF0nGaQGKYLcn root@ubuntu-bionic
-----END SSH HOST KEY KEYS-----
[   21.184861] cloud-init[1167]: Cloud-init v. 21.2-3-g899bfaa9-0ubuntu2~18.04.1 running 'modules:final' at Fri, 24 Sep 2021 14:37:14 +0000. Up 20.82 seconds.
[   21.186841] cloud-init[1167]: ci-info: no authorized SSH keys fingerprints found for user ubuntu.
[   21.191781] cloud-init[1167]: Cloud-init v. 21.2-3-g899bfaa9-0ubuntu2~18.04.1 finished at Fri, 24 Sep 2021 14:37:14 +0000. Datasource DataSourceNoCloud [seed=/dev/sdb][dsmode=net].  Up 21.16 seconds
